1729475646: mosquitto version 2.0.20 starting
1729475646: Config loaded from /mosquitto/config/mosquitto.conf.
1729475646: Opening ipv4 listen socket on port 1883.
1729475646: Opening ipv6 listen socket on port 1883.
1729475646: mosquitto version 2.0.20 running
1729476676: mosquitto version 2.0.20 terminating
1729476676: Saving in-memory database to /mosquitto/data//mosquitto.db.
1729476799: mosquitto version 2.0.20 starting
1729476799: Config loaded from /mosquitto/config/mosquitto.conf.
1729476799: Opening ipv4 listen socket on port 1883.
1729476799: Opening ipv6 listen socket on port 1883.
1729476799: mosquitto version 2.0.20 running
1729476862: mosquitto version 2.0.20 terminating
1729476862: Saving in-memory database to /mosquitto/data//mosquitto.db.
1729497934: mosquitto version 2.0.20 starting
1729497934: Config loaded from /mosquitto/config/mosquitto.conf.
1729497934: Opening ipv4 listen socket on port 1883.
1729497934: Opening ipv6 listen socket on port 1883.
1729497934: mosquitto version 2.0.20 running
1729500820: Saving in-memory database to /mosquitto/data//mosquitto.db.
1729503679: Saving in-memory database to /mosquitto/data//mosquitto.db.
1729506347: Saving in-memory database to /mosquitto/data//mosquitto.db.
1729508307: Saving in-memory database to /mosquitto/data//mosquitto.db.
1729512275: Saving in-memory database to /mosquitto/data//mosquitto.db.
1729516880: Saving in-memory database to /mosquitto/data//mosquitto.db.
1729518681: Saving in-memory database to /mosquitto/data//mosquitto.db.
1729520482: Saving in-memory database to /mosquitto/data//mosquitto.db.
1729523197: Saving in-memory database to /mosquitto/data//mosquitto.db.
1729525165: Saving in-memory database to /mosquitto/data//mosquitto.db.
1729528867: Saving in-memory database to /mosquitto/data//mosquitto.db.
1729531893: Saving in-memory database to /mosquitto/data//mosquitto.db.
1729535813: Saving in-memory database to /mosquitto/data//mosquitto.db.
1729539666: Saving in-memory database to /mosquitto/data//mosquitto.db.
1729541467: Saving in-memory database to /mosquitto/data//mosquitto.db.
1729544516: Saving in-memory database to /mosquitto/data//mosquitto.db.
1729547152: Saving in-memory database to /mosquitto/data//mosquitto.db.
1729552166: Saving in-memory database to /mosquitto/data//mosquitto.db.
1729555840: Saving in-memory database to /mosquitto/data//mosquitto.db.
1729559739: Saving in-memory database to /mosquitto/data//mosquitto.db.
1729561540: Saving in-memory database to /mosquitto/data//mosquitto.db.
1729563551: Saving in-memory database to /mosquitto/data//mosquitto.db.
1729565352: Saving in-memory database to /mosquitto/data//mosquitto.db.
1729567153: Saving in-memory database to /mosquitto/data//mosquitto.db.
1729569173: Saving in-memory database to /mosquitto/data//mosquitto.db.
1729571273: Saving in-memory database to /mosquitto/data//mosquitto.db.
1729573074: Saving in-memory database to /mosquitto/data//mosquitto.db.
1729574875: Saving in-memory database to /mosquitto/data//mosquitto.db.
1729576676: Saving in-memory database to /mosquitto/data//mosquitto.db.
1729579353: Saving in-memory database to /mosquitto/data//mosquitto.db.
1729582005: Saving in-memory database to /mosquitto/data//mosquitto.db.
1729584457: Saving in-memory database to /mosquitto/data//mosquitto.db.
1729586258: Saving in-memory database to /mosquitto/data//mosquitto.db.
1729588059: Saving in-memory database to /mosquitto/data//mosquitto.db.
1729589860: Saving in-memory database to /mosquitto/data//mosquitto.db.
1729594830: Saving in-memory database to /mosquitto/data//mosquitto.db.
1729599208: Saving in-memory database to /mosquitto/data//mosquitto.db.
1729601897: Saving in-memory database to /mosquitto/data//mosquitto.db.
1729604526: Saving in-memory database to /mosquitto/data//mosquitto.db.
1729606610: Saving in-memory database to /mosquitto/data//mosquitto.db.
1729608679: Saving in-memory database to /mosquitto/data//mosquitto.db.
1729610634: Saving in-memory database to /mosquitto/data//mosquitto.db.
1729612435: Saving in-memory database to /mosquitto/data//mosquitto.db.
1729614236: Saving in-memory database to /mosquitto/data//mosquitto.db.
1729616037: Saving in-memory database to /mosquitto/data//mosquitto.db.
1729617978: Saving in-memory database to /mosquitto/data//mosquitto.db.
1729619779: Saving in-memory database to /mosquitto/data//mosquitto.db.
1729621580: Saving in-memory database to /mosquitto/data//mosquitto.db.
1729623381: Saving in-memory database to /mosquitto/data//mosquitto.db.
1729625182: Saving in-memory database to /mosquitto/data//mosquitto.db.
1729626983: Saving in-memory database to /mosquitto/data//mosquitto.db.
1729628784: Saving in-memory database to /mosquitto/data//mosquitto.db.
1729630585: Saving in-memory database to /mosquitto/data//mosquitto.db.
1729632386: Saving in-memory database to /mosquitto/data//mosquitto.db.
1729634187: Saving in-memory database to /mosquitto/data//mosquitto.db.
1729635988: Saving in-memory database to /mosquitto/data//mosquitto.db.
1729637789: Saving in-memory database to /mosquitto/data//mosquitto.db.
1729639590: Saving in-memory database to /mosquitto/data//mosquitto.db.
1729641735: Saving in-memory database to /mosquitto/data//mosquitto.db.
1729646306: Saving in-memory database to /mosquitto/data//mosquitto.db.
1729649991: Saving in-memory database to /mosquitto/data//mosquitto.db.
1729653233: Saving in-memory database to /mosquitto/data//mosquitto.db.
1729655034: Saving in-memory database to /mosquitto/data//mosquitto.db.
1729658483: Saving in-memory database to /mosquitto/data//mosquitto.db.
1729660284: Saving in-memory database to /mosquitto/data//mosquitto.db.
1729662085: Saving in-memory database to /mosquitto/data//mosquitto.db.
1729663886: Saving in-memory database to /mosquitto/data//mosquitto.db.
1729667484: Saving in-memory database to /mosquitto/data//mosquitto.db.
1729671796: Saving in-memory database to /mosquitto/data//mosquitto.db.
1729673656: Saving in-memory database to /mosquitto/data//mosquitto.db.
1729678381: Saving in-memory database to /mosquitto/data//mosquitto.db.
1729681876: Saving in-memory database to /mosquitto/data//mosquitto.db.
1729683692: Saving in-memory database to /mosquitto/data//mosquitto.db.
1729687488: Saving in-memory database to /mosquitto/data//mosquitto.db.
1729690075: Saving in-memory database to /mosquitto/data//mosquitto.db.
1729693367: Saving in-memory database to /mosquitto/data//mosquitto.db.
1729695791: Saving in-memory database to /mosquitto/data//mosquitto.db.
1729699591: Saving in-memory database to /mosquitto/data//mosquitto.db.
1729703272: Saving in-memory database to /mosquitto/data//mosquitto.db.
1729708519: Saving in-memory database to /mosquitto/data//mosquitto.db.
1729711424: Saving in-memory database to /mosquitto/data//mosquitto.db.
1729714539: Saving in-memory database to /mosquitto/data//mosquitto.db.
1729717471: Saving in-memory database to /mosquitto/data//mosquitto.db.
1729722402: Saving in-memory database to /mosquitto/data//mosquitto.db.
1729724784: Saving in-memory database to /mosquitto/data//mosquitto.db.
1729727092: Saving in-memory database to /mosquitto/data//mosquitto.db.
1729730505: Saving in-memory database to /mosquitto/data//mosquitto.db.
1729732398: Saving in-memory database to /mosquitto/data//mosquitto.db.
1729734416: Saving in-memory database to /mosquitto/data//mosquitto.db.
1729736217: Saving in-memory database to /mosquitto/data//mosquitto.db.
1729738018: Saving in-memory database to /mosquitto/data//mosquitto.db.
1729739156: mosquitto version 2.0.20 terminating
1729739156: Saving in-memory database to /mosquitto/data//mosquitto.db.
1729841922: mosquitto version 2.0.20 starting
1729841922: Config loaded from /mosquitto/config/mosquitto.conf.
1729841922: Opening ipv4 listen socket on port 1883.
1729841922: Opening ipv6 listen socket on port 1883.
1729841922: mosquitto version 2.0.20 running
1729843723: Saving in-memory database to /mosquitto/data//mosquitto.db.
1729847863: Saving in-memory database to /mosquitto/data//mosquitto.db.
1729849669: Saving in-memory database to /mosquitto/data//mosquitto.db.
1729851518: Saving in-memory database to /mosquitto/data//mosquitto.db.
1729853990: Saving in-memory database to /mosquitto/data//mosquitto.db.
1729857512: Saving in-memory database to /mosquitto/data//mosquitto.db.
1729861547: Saving in-memory database to /mosquitto/data//mosquitto.db.
1729863527: Saving in-memory database to /mosquitto/data//mosquitto.db.
1729866209: Saving in-memory database to /mosquitto/data//mosquitto.db.
1729868856: Saving in-memory database to /mosquitto/data//mosquitto.db.
1729870851: Saving in-memory database to /mosquitto/data//mosquitto.db.
1729873465: Saving in-memory database to /mosquitto/data//mosquitto.db.
1729875737: Saving in-memory database to /mosquitto/data//mosquitto.db.
1729877538: Saving in-memory database to /mosquitto/data//mosquitto.db.
1729880549: Saving in-memory database to /mosquitto/data//mosquitto.db.
1729882350: Saving in-memory database to /mosquitto/data//mosquitto.db.
1729884256: Saving in-memory database to /mosquitto/data//mosquitto.db.
1729889074: Saving in-memory database to /mosquitto/data//mosquitto.db.
1729892574: Saving in-memory database to /mosquitto/data//mosquitto.db.
1729896444: Saving in-memory database to /mosquitto/data//mosquitto.db.
1729900505: Saving in-memory database to /mosquitto/data//mosquitto.db.
1729903513: Saving in-memory database to /mosquitto/data//mosquitto.db.
1729907155: Saving in-memory database to /mosquitto/data//mosquitto.db.
1729911816: Saving in-memory database to /mosquitto/data//mosquitto.db.
1729914473: Saving in-memory database to /mosquitto/data//mosquitto.db.
1729916274: Saving in-memory database to /mosquitto/data//mosquitto.db.
1729918075: Saving in-memory database to /mosquitto/data//mosquitto.db.
1729919876: Saving in-memory database to /mosquitto/data//mosquitto.db.
1729921677: Saving in-memory database to /mosquitto/data//mosquitto.db.
1729923478: Saving in-memory database to /mosquitto/data//mosquitto.db.
1729925279: Saving in-memory database to /mosquitto/data//mosquitto.db.
1729927080: Saving in-memory database to /mosquitto/data//mosquitto.db.
1729928881: Saving in-memory database to /mosquitto/data//mosquitto.db.
1729930682: Saving in-memory database to /mosquitto/data//mosquitto.db.
1729932483: Saving in-memory database to /mosquitto/data//mosquitto.db.
1729934284: Saving in-memory database to /mosquitto/data//mosquitto.db.
1729936085: Saving in-memory database to /mosquitto/data//mosquitto.db.
1729937886: Saving in-memory database to /mosquitto/data//mosquitto.db.
1729939687: Saving in-memory database to /mosquitto/data//mosquitto.db.
1729941488: Saving in-memory database to /mosquitto/data//mosquitto.db.
1729943289: Saving in-memory database to /mosquitto/data//mosquitto.db.
1729945090: Saving in-memory database to /mosquitto/data//mosquitto.db.
1729946891: Saving in-memory database to /mosquitto/data//mosquitto.db.
1729948692: Saving in-memory database to /mosquitto/data//mosquitto.db.
1729950493: Saving in-memory database to /mosquitto/data//mosquitto.db.
1729952294: Saving in-memory database to /mosquitto/data//mosquitto.db.
1729954095: Saving in-memory database to /mosquitto/data//mosquitto.db.
1729955896: Saving in-memory database to /mosquitto/data//mosquitto.db.
1729957697: Saving in-memory database to /mosquitto/data//mosquitto.db.
1729959498: Saving in-memory database to /mosquitto/data//mosquitto.db.
1729961299: Saving in-memory database to /mosquitto/data//mosquitto.db.
1729964144: Saving in-memory database to /mosquitto/data//mosquitto.db.
1729965945: Saving in-memory database to /mosquitto/data//mosquitto.db.
1729967754: Saving in-memory database to /mosquitto/data//mosquitto.db.
1729970761: Saving in-memory database to /mosquitto/data//mosquitto.db.
1729970787: mosquitto version 2.0.20 terminating
1729970787: Saving in-memory database to /mosquitto/data//mosquitto.db.
1729974655: mosquitto version 2.0.20 starting
1729974655: Config loaded from /mosquitto/config/mosquitto.conf.
1729974655: Opening ipv4 listen socket on port 1883.
1729974655: Opening ipv6 listen socket on port 1883.
1729974655: mosquitto version 2.0.20 running
1729976456: Saving in-memory database to /mosquitto/data//mosquitto.db.
1729981708: Saving in-memory database to /mosquitto/data//mosquitto.db.
1729983509: Saving in-memory database to /mosquitto/data//mosquitto.db.
1729985354: Saving in-memory database to /mosquitto/data//mosquitto.db.
1729987218: Saving in-memory database to /mosquitto/data//mosquitto.db.
1729990886: Saving in-memory database to /mosquitto/data//mosquitto.db.
1729993976: Saving in-memory database to /mosquitto/data//mosquitto.db.
1729996889: Saving in-memory database to /mosquitto/data//mosquitto.db.
1730002039: Saving in-memory database to /mosquitto/data//mosquitto.db.
1730005943: Saving in-memory database to /mosquitto/data//mosquitto.db.
1730009986: Saving in-memory database to /mosquitto/data//mosquitto.db.
1730015708: Saving in-memory database to /mosquitto/data//mosquitto.db.
1730018410: Saving in-memory database to /mosquitto/data//mosquitto.db.
1730020967: Saving in-memory database to /mosquitto/data//mosquitto.db.
1730020993: mosquitto version 2.0.20 terminating
1730020993: Saving in-memory database to /mosquitto/data//mosquitto.db.
1730022739: mosquitto version 2.0.20 starting
1730022739: Config loaded from /mosquitto/config/mosquitto.conf.
1730022739: Opening ipv4 listen socket on port 1883.
1730022739: Opening ipv6 listen socket on port 1883.
1730022739: mosquitto version 2.0.20 running
1730022771: mosquitto version 2.0.20 terminating
1730022771: Saving in-memory database to /mosquitto/data//mosquitto.db.
1730288852: mosquitto version 2.0.20 starting
1730288852: Config loaded from /mosquitto/config/mosquitto.conf.
1730288852: Opening ipv4 listen socket on port 1883.
1730288852: Opening ipv6 listen socket on port 1883.
1730288852: mosquitto version 2.0.20 running
1730288965: mosquitto version 2.0.20 terminating
1730288965: Saving in-memory database to /mosquitto/data//mosquitto.db.
1730288967: mosquitto version 2.0.20 starting
1730288967: Config loaded from /mosquitto/config/mosquitto.conf.
1730288967: Opening ipv4 listen socket on port 1883.
1730288967: Opening ipv6 listen socket on port 1883.
1730288967: mosquitto version 2.0.20 running
1730290310: mosquitto version 2.0.20 terminating
1730290310: Saving in-memory database to /mosquitto/data//mosquitto.db.
