1730290604: mosquitto version 2.0.20 starting
1730290604: Config loaded from /mosquitto/config/mosquitto.conf.
1730290604: Opening ipv4 listen socket on port 1883.
1730290604: Opening ipv6 listen socket on port 1883.
1730290604: mosquitto version 2.0.20 running
1730290609: New connection from ::1:33504 on port 1883.
1730290609: New connection from ::1:33496 on port 1883.
1730290609: New connection from ::1:33498 on port 1883.
1730290609: New connection from ::1:33530 on port 1883.
1730290609: New client connected from ::1:33504 as auto-0990E2D2-8811-A454-ACB0-FABEFC4630A5 (p2, c1, k60).
1730290609: No will message specified.
1730290609: Sending CONNACK to auto-0990E2D2-8811-A454-ACB0-FABEFC4630A5 (0, 0)
1730290609: New client connected from ::1:33496 as auto-9BA8BDE4-C254-3FAB-06E4-5E4A469ADED1 (p2, c1, k60).
1730290609: No will message specified.
1730290609: Sending CONNACK to auto-9BA8BDE4-C254-3FAB-06E4-5E4A469ADED1 (0, 0)
1730290609: New client connected from ::1:33498 as auto-DBD16AA7-2F82-2E61-6777-5F2D5E23EF10 (p2, c1, k60).
1730290609: No will message specified.
1730290609: Sending CONNACK to auto-DBD16AA7-2F82-2E61-6777-5F2D5E23EF10 (0, 0)
1730290609: New client connected from ::1:33530 as auto-0D863ABD-869F-4A9A-401E-C3A4CEAB364C (p2, c1, k60).
1730290609: No will message specified.
1730290609: Sending CONNACK to auto-0D863ABD-869F-4A9A-401E-C3A4CEAB364C (0, 0)
1730290609: Received SUBSCRIBE from auto-0990E2D2-8811-A454-ACB0-FABEFC4630A5
1730290609: 	lux (QoS 0)
1730290609: auto-0990E2D2-8811-A454-ACB0-FABEFC4630A5 0 lux
1730290609: Sending SUBACK to auto-0990E2D2-8811-A454-ACB0-FABEFC4630A5
1730290609: Received SUBSCRIBE from auto-9BA8BDE4-C254-3FAB-06E4-5E4A469ADED1
1730290609: 	gas (QoS 0)
1730290609: auto-9BA8BDE4-C254-3FAB-06E4-5E4A469ADED1 0 gas
1730290609: Sending SUBACK to auto-9BA8BDE4-C254-3FAB-06E4-5E4A469ADED1
1730290609: Received SUBSCRIBE from auto-DBD16AA7-2F82-2E61-6777-5F2D5E23EF10
1730290609: 	hum (QoS 0)
1730290609: auto-DBD16AA7-2F82-2E61-6777-5F2D5E23EF10 0 hum
1730290609: Sending SUBACK to auto-DBD16AA7-2F82-2E61-6777-5F2D5E23EF10
1730290609: Received SUBSCRIBE from auto-0D863ABD-869F-4A9A-401E-C3A4CEAB364C
1730290609: 	tem (QoS 0)
1730290609: auto-0D863ABD-869F-4A9A-401E-C3A4CEAB364C 0 tem
1730290609: Sending SUBACK to auto-0D863ABD-869F-4A9A-401E-C3A4CEAB364C
1730290669: Received PINGREQ from auto-DBD16AA7-2F82-2E61-6777-5F2D5E23EF10
1730290669: Sending PINGRESP to auto-DBD16AA7-2F82-2E61-6777-5F2D5E23EF10
1730290669: Received PINGREQ from auto-9BA8BDE4-C254-3FAB-06E4-5E4A469ADED1
1730290669: Sending PINGRESP to auto-9BA8BDE4-C254-3FAB-06E4-5E4A469ADED1
1730290669: Received PINGREQ from auto-0990E2D2-8811-A454-ACB0-FABEFC4630A5
1730290669: Sending PINGRESP to auto-0990E2D2-8811-A454-ACB0-FABEFC4630A5
1730290669: Received PINGREQ from auto-0D863ABD-869F-4A9A-401E-C3A4CEAB364C
1730290669: Sending PINGRESP to auto-0D863ABD-869F-4A9A-401E-C3A4CEAB364C
1730290729: Received PINGREQ from auto-0D863ABD-869F-4A9A-401E-C3A4CEAB364C
1730290729: Sending PINGRESP to auto-0D863ABD-869F-4A9A-401E-C3A4CEAB364C
1730290729: Received PINGREQ from auto-9BA8BDE4-C254-3FAB-06E4-5E4A469ADED1
1730290729: Sending PINGRESP to auto-9BA8BDE4-C254-3FAB-06E4-5E4A469ADED1
1730290729: Received PINGREQ from auto-0990E2D2-8811-A454-ACB0-FABEFC4630A5
1730290729: Sending PINGRESP to auto-0990E2D2-8811-A454-ACB0-FABEFC4630A5
1730290729: Received PINGREQ from auto-DBD16AA7-2F82-2E61-6777-5F2D5E23EF10
1730290729: Sending PINGRESP to auto-DBD16AA7-2F82-2E61-6777-5F2D5E23EF10
1730290789: Received PINGREQ from auto-9BA8BDE4-C254-3FAB-06E4-5E4A469ADED1
1730290789: Sending PINGRESP to auto-9BA8BDE4-C254-3FAB-06E4-5E4A469ADED1
1730290789: Received PINGREQ from auto-0D863ABD-869F-4A9A-401E-C3A4CEAB364C
1730290789: Sending PINGRESP to auto-0D863ABD-869F-4A9A-401E-C3A4CEAB364C
1730290789: Received PINGREQ from auto-DBD16AA7-2F82-2E61-6777-5F2D5E23EF10
1730290789: Sending PINGRESP to auto-DBD16AA7-2F82-2E61-6777-5F2D5E23EF10
1730290789: Received PINGREQ from auto-0990E2D2-8811-A454-ACB0-FABEFC4630A5
1730290789: Sending PINGRESP to auto-0990E2D2-8811-A454-ACB0-FABEFC4630A5
1730290849: Received PINGREQ from auto-9BA8BDE4-C254-3FAB-06E4-5E4A469ADED1
1730290849: Sending PINGRESP to auto-9BA8BDE4-C254-3FAB-06E4-5E4A469ADED1
1730290849: Received PINGREQ from auto-0D863ABD-869F-4A9A-401E-C3A4CEAB364C
1730290849: Sending PINGRESP to auto-0D863ABD-869F-4A9A-401E-C3A4CEAB364C
1730290849: Received PINGREQ from auto-DBD16AA7-2F82-2E61-6777-5F2D5E23EF10
1730290849: Sending PINGRESP to auto-DBD16AA7-2F82-2E61-6777-5F2D5E23EF10
1730290849: Received PINGREQ from auto-0990E2D2-8811-A454-ACB0-FABEFC4630A5
1730290849: Sending PINGRESP to auto-0990E2D2-8811-A454-ACB0-FABEFC4630A5
1730290872: New connection from ::1:34636 on port 1883.
1730290872: New client connected from ::1:34636 as auto-A0DACFAD-6B83-6853-6C6A-0B9FE8AB504E (p2, c1, k60).
1730290872: No will message specified.
1730290872: Sending CONNACK to auto-A0DACFAD-6B83-6853-6C6A-0B9FE8AB504E (0, 0)
1730290872: Received PUBLISH from auto-A0DACFAD-6B83-6853-6C6A-0B9FE8AB504E (d0, q0, r0, m0, 'tem', ... (4 bytes))
1730290872: Sending PUBLISH to auto-0D863ABD-869F-4A9A-401E-C3A4CEAB364C (d0, q0, r0, m0, 'tem', ... (4 bytes))
1730290872: Received DISCONNECT from auto-A0DACFAD-6B83-6853-6C6A-0B9FE8AB504E
1730290872: Client auto-A0DACFAD-6B83-6853-6C6A-0B9FE8AB504E disconnected.
1730290909: Received PINGREQ from auto-DBD16AA7-2F82-2E61-6777-5F2D5E23EF10
1730290909: Sending PINGRESP to auto-DBD16AA7-2F82-2E61-6777-5F2D5E23EF10
1730290909: Received PINGREQ from auto-9BA8BDE4-C254-3FAB-06E4-5E4A469ADED1
1730290909: Sending PINGRESP to auto-9BA8BDE4-C254-3FAB-06E4-5E4A469ADED1
1730290909: Received PINGREQ from auto-0990E2D2-8811-A454-ACB0-FABEFC4630A5
1730290909: Sending PINGRESP to auto-0990E2D2-8811-A454-ACB0-FABEFC4630A5
1730290909: Received PINGREQ from auto-0D863ABD-869F-4A9A-401E-C3A4CEAB364C
1730290909: Sending PINGRESP to auto-0D863ABD-869F-4A9A-401E-C3A4CEAB364C
1730290969: Received PINGREQ from auto-DBD16AA7-2F82-2E61-6777-5F2D5E23EF10
1730290969: Sending PINGRESP to auto-DBD16AA7-2F82-2E61-6777-5F2D5E23EF10
1730290969: Received PINGREQ from auto-9BA8BDE4-C254-3FAB-06E4-5E4A469ADED1
1730290969: Sending PINGRESP to auto-9BA8BDE4-C254-3FAB-06E4-5E4A469ADED1
1730290969: Received PINGREQ from auto-0990E2D2-8811-A454-ACB0-FABEFC4630A5
1730290969: Sending PINGRESP to auto-0990E2D2-8811-A454-ACB0-FABEFC4630A5
1730290969: Received PINGREQ from auto-0D863ABD-869F-4A9A-401E-C3A4CEAB364C
1730290969: Sending PINGRESP to auto-0D863ABD-869F-4A9A-401E-C3A4CEAB364C
1730291032: Received PINGREQ from auto-9BA8BDE4-C254-3FAB-06E4-5E4A469ADED1
1730291032: Sending PINGRESP to auto-9BA8BDE4-C254-3FAB-06E4-5E4A469ADED1
1730291032: Received PINGREQ from auto-0990E2D2-8811-A454-ACB0-FABEFC4630A5
1730291032: Sending PINGRESP to auto-0990E2D2-8811-A454-ACB0-FABEFC4630A5
1730291032: Received PINGREQ from auto-DBD16AA7-2F82-2E61-6777-5F2D5E23EF10
1730291032: Sending PINGRESP to auto-DBD16AA7-2F82-2E61-6777-5F2D5E23EF10
1730291032: Received PINGREQ from auto-0D863ABD-869F-4A9A-401E-C3A4CEAB364C
1730291032: Sending PINGRESP to auto-0D863ABD-869F-4A9A-401E-C3A4CEAB364C
1730292063: Client auto-0990E2D2-8811-A454-ACB0-FABEFC4630A5 has exceeded timeout, disconnecting.
1730292063: Client auto-9BA8BDE4-C254-3FAB-06E4-5E4A469ADED1 has exceeded timeout, disconnecting.
1730292063: Client auto-DBD16AA7-2F82-2E61-6777-5F2D5E23EF10 has exceeded timeout, disconnecting.
1730292063: Client auto-0D863ABD-869F-4A9A-401E-C3A4CEAB364C has exceeded timeout, disconnecting.
1730292064: New connection from ::1:35072 on port 1883.
1730292064: New connection from ::1:35068 on port 1883.
1730292064: New connection from ::1:35070 on port 1883.
1730292064: New connection from ::1:35100 on port 1883.
1730292064: New client connected from ::1:35072 as auto-18E33118-984E-D7AE-3F72-A4CB0D84DF86 (p2, c1, k60).
1730292064: No will message specified.
1730292064: Sending CONNACK to auto-18E33118-984E-D7AE-3F72-A4CB0D84DF86 (0, 0)
1730292064: New client connected from ::1:35068 as auto-540A0DF9-0597-E23D-9FFF-48BCA8440AF4 (p2, c1, k60).
1730292064: No will message specified.
1730292064: Sending CONNACK to auto-540A0DF9-0597-E23D-9FFF-48BCA8440AF4 (0, 0)
1730292064: New client connected from ::1:35070 as auto-0978029D-3026-BEFC-FF9F-626BED87EDD6 (p2, c1, k60).
1730292064: No will message specified.
1730292064: Sending CONNACK to auto-0978029D-3026-BEFC-FF9F-626BED87EDD6 (0, 0)
1730292064: New client connected from ::1:35100 as auto-00C7DA7D-839C-0833-6CF6-CBDDD67908CE (p2, c1, k60).
1730292064: No will message specified.
1730292064: Sending CONNACK to auto-00C7DA7D-839C-0833-6CF6-CBDDD67908CE (0, 0)
1730292064: Received SUBSCRIBE from auto-18E33118-984E-D7AE-3F72-A4CB0D84DF86
1730292064: 	lux (QoS 0)
1730292064: auto-18E33118-984E-D7AE-3F72-A4CB0D84DF86 0 lux
1730292064: Sending SUBACK to auto-18E33118-984E-D7AE-3F72-A4CB0D84DF86
1730292064: Received SUBSCRIBE from auto-540A0DF9-0597-E23D-9FFF-48BCA8440AF4
1730292064: 	gas (QoS 0)
1730292064: auto-540A0DF9-0597-E23D-9FFF-48BCA8440AF4 0 gas
1730292064: Sending SUBACK to auto-540A0DF9-0597-E23D-9FFF-48BCA8440AF4
1730292064: Received SUBSCRIBE from auto-0978029D-3026-BEFC-FF9F-626BED87EDD6
1730292064: 	hum (QoS 0)
1730292064: auto-0978029D-3026-BEFC-FF9F-626BED87EDD6 0 hum
1730292064: Sending SUBACK to auto-0978029D-3026-BEFC-FF9F-626BED87EDD6
1730292064: Received SUBSCRIBE from auto-00C7DA7D-839C-0833-6CF6-CBDDD67908CE
1730292064: 	tem (QoS 0)
1730292064: auto-00C7DA7D-839C-0833-6CF6-CBDDD67908CE 0 tem
1730292064: Sending SUBACK to auto-00C7DA7D-839C-0833-6CF6-CBDDD67908CE
1730292124: Received PINGREQ from auto-540A0DF9-0597-E23D-9FFF-48BCA8440AF4
1730292124: Sending PINGRESP to auto-540A0DF9-0597-E23D-9FFF-48BCA8440AF4
1730292124: Received PINGREQ from auto-00C7DA7D-839C-0833-6CF6-CBDDD67908CE
1730292124: Sending PINGRESP to auto-00C7DA7D-839C-0833-6CF6-CBDDD67908CE
1730292124: Received PINGREQ from auto-18E33118-984E-D7AE-3F72-A4CB0D84DF86
1730292124: Sending PINGRESP to auto-18E33118-984E-D7AE-3F72-A4CB0D84DF86
1730292124: Received PINGREQ from auto-0978029D-3026-BEFC-FF9F-626BED87EDD6
1730292124: Sending PINGRESP to auto-0978029D-3026-BEFC-FF9F-626BED87EDD6
1730292184: Received PINGREQ from auto-00C7DA7D-839C-0833-6CF6-CBDDD67908CE
1730292184: Sending PINGRESP to auto-00C7DA7D-839C-0833-6CF6-CBDDD67908CE
1730292184: Received PINGREQ from auto-0978029D-3026-BEFC-FF9F-626BED87EDD6
1730292184: Sending PINGRESP to auto-0978029D-3026-BEFC-FF9F-626BED87EDD6
1730292184: Received PINGREQ from auto-540A0DF9-0597-E23D-9FFF-48BCA8440AF4
1730292184: Sending PINGRESP to auto-540A0DF9-0597-E23D-9FFF-48BCA8440AF4
1730292184: Received PINGREQ from auto-18E33118-984E-D7AE-3F72-A4CB0D84DF86
1730292184: Sending PINGRESP to auto-18E33118-984E-D7AE-3F72-A4CB0D84DF86
1730293135: Client auto-18E33118-984E-D7AE-3F72-A4CB0D84DF86 has exceeded timeout, disconnecting.
1730293135: Client auto-540A0DF9-0597-E23D-9FFF-48BCA8440AF4 has exceeded timeout, disconnecting.
1730293135: Client auto-0978029D-3026-BEFC-FF9F-626BED87EDD6 has exceeded timeout, disconnecting.
1730293135: Client auto-00C7DA7D-839C-0833-6CF6-CBDDD67908CE has exceeded timeout, disconnecting.
1730293136: New connection from ::1:48652 on port 1883.
1730293136: New connection from ::1:48654 on port 1883.
1730293136: New connection from ::1:48656 on port 1883.
1730293136: New connection from ::1:48670 on port 1883.
1730293136: New client connected from ::1:48652 as auto-AA818836-6024-AB49-39BA-36B729105FF0 (p2, c1, k60).
1730293136: No will message specified.
1730293136: Sending CONNACK to auto-AA818836-6024-AB49-39BA-36B729105FF0 (0, 0)
1730293136: New client connected from ::1:48654 as auto-567A2A1C-212C-2EBB-F7C4-6A5442E1A726 (p2, c1, k60).
1730293136: No will message specified.
1730293136: Sending CONNACK to auto-567A2A1C-212C-2EBB-F7C4-6A5442E1A726 (0, 0)
1730293136: New client connected from ::1:48656 as auto-1F056D67-20CD-BE3A-0EBB-E999BBFA7D55 (p2, c1, k60).
1730293136: No will message specified.
1730293136: Sending CONNACK to auto-1F056D67-20CD-BE3A-0EBB-E999BBFA7D55 (0, 0)
1730293136: New client connected from ::1:48670 as auto-342AD499-130C-80D4-D35C-5476482F4821 (p2, c1, k60).
1730293136: No will message specified.
1730293136: Sending CONNACK to auto-342AD499-130C-80D4-D35C-5476482F4821 (0, 0)
1730293136: Received SUBSCRIBE from auto-AA818836-6024-AB49-39BA-36B729105FF0
1730293136: 	hum (QoS 0)
1730293136: auto-AA818836-6024-AB49-39BA-36B729105FF0 0 hum
1730293136: Sending SUBACK to auto-AA818836-6024-AB49-39BA-36B729105FF0
1730293136: Received SUBSCRIBE from auto-567A2A1C-212C-2EBB-F7C4-6A5442E1A726
1730293136: 	tem (QoS 0)
1730293136: auto-567A2A1C-212C-2EBB-F7C4-6A5442E1A726 0 tem
1730293136: Sending SUBACK to auto-567A2A1C-212C-2EBB-F7C4-6A5442E1A726
1730293136: Received SUBSCRIBE from auto-1F056D67-20CD-BE3A-0EBB-E999BBFA7D55
1730293136: 	gas (QoS 0)
1730293136: auto-1F056D67-20CD-BE3A-0EBB-E999BBFA7D55 0 gas
1730293136: Sending SUBACK to auto-1F056D67-20CD-BE3A-0EBB-E999BBFA7D55
1730293136: Received SUBSCRIBE from auto-342AD499-130C-80D4-D35C-5476482F4821
1730293136: 	lux (QoS 0)
1730293136: auto-342AD499-130C-80D4-D35C-5476482F4821 0 lux
1730293136: Sending SUBACK to auto-342AD499-130C-80D4-D35C-5476482F4821
1730294199: Client auto-AA818836-6024-AB49-39BA-36B729105FF0 has exceeded timeout, disconnecting.
1730294199: Client auto-567A2A1C-212C-2EBB-F7C4-6A5442E1A726 has exceeded timeout, disconnecting.
1730294199: Client auto-1F056D67-20CD-BE3A-0EBB-E999BBFA7D55 has exceeded timeout, disconnecting.
1730294199: Client auto-342AD499-130C-80D4-D35C-5476482F4821 has exceeded timeout, disconnecting.
1730294200: New connection from ::1:54288 on port 1883.
1730294200: New connection from ::1:54258 on port 1883.
1730294200: New connection from ::1:54260 on port 1883.
1730294200: New connection from ::1:54302 on port 1883.
1730294200: New client connected from ::1:54288 as auto-F5AD998C-6569-3FB8-F375-9D1B8E490FD3 (p2, c1, k60).
1730294200: No will message specified.
1730294200: Sending CONNACK to auto-F5AD998C-6569-3FB8-F375-9D1B8E490FD3 (0, 0)
1730294200: New client connected from ::1:54258 as auto-414B3A2A-359F-3783-A594-B1E8B9EA13D8 (p2, c1, k60).
1730294200: No will message specified.
1730294200: Sending CONNACK to auto-414B3A2A-359F-3783-A594-B1E8B9EA13D8 (0, 0)
1730294200: New client connected from ::1:54260 as auto-A404ACD9-6484-3859-B252-BA436B520874 (p2, c1, k60).
1730294200: No will message specified.
1730294200: Sending CONNACK to auto-A404ACD9-6484-3859-B252-BA436B520874 (0, 0)
1730294200: New client connected from ::1:54302 as auto-B3273618-8FCF-38B2-73D0-80814AF6CFD5 (p2, c1, k60).
1730294200: No will message specified.
1730294200: Sending CONNACK to auto-B3273618-8FCF-38B2-73D0-80814AF6CFD5 (0, 0)
1730294200: Received SUBSCRIBE from auto-F5AD998C-6569-3FB8-F375-9D1B8E490FD3
1730294200: 	tem (QoS 0)
1730294200: auto-F5AD998C-6569-3FB8-F375-9D1B8E490FD3 0 tem
1730294200: Sending SUBACK to auto-F5AD998C-6569-3FB8-F375-9D1B8E490FD3
1730294200: Received SUBSCRIBE from auto-414B3A2A-359F-3783-A594-B1E8B9EA13D8
1730294200: 	hum (QoS 0)
1730294200: auto-414B3A2A-359F-3783-A594-B1E8B9EA13D8 0 hum
1730294200: Sending SUBACK to auto-414B3A2A-359F-3783-A594-B1E8B9EA13D8
1730294200: Received SUBSCRIBE from auto-A404ACD9-6484-3859-B252-BA436B520874
1730294200: 	lux (QoS 0)
1730294200: auto-A404ACD9-6484-3859-B252-BA436B520874 0 lux
1730294200: Sending SUBACK to auto-A404ACD9-6484-3859-B252-BA436B520874
1730294200: Received SUBSCRIBE from auto-B3273618-8FCF-38B2-73D0-80814AF6CFD5
1730294200: 	gas (QoS 0)
1730294200: auto-B3273618-8FCF-38B2-73D0-80814AF6CFD5 0 gas
1730294200: Sending SUBACK to auto-B3273618-8FCF-38B2-73D0-80814AF6CFD5
1730294259: Received PINGREQ from auto-414B3A2A-359F-3783-A594-B1E8B9EA13D8
1730294259: Sending PINGRESP to auto-414B3A2A-359F-3783-A594-B1E8B9EA13D8
1730294259: Received PINGREQ from auto-B3273618-8FCF-38B2-73D0-80814AF6CFD5
1730294259: Sending PINGRESP to auto-B3273618-8FCF-38B2-73D0-80814AF6CFD5
1730294259: Received PINGREQ from auto-A404ACD9-6484-3859-B252-BA436B520874
1730294259: Sending PINGRESP to auto-A404ACD9-6484-3859-B252-BA436B520874
1730294259: Received PINGREQ from auto-F5AD998C-6569-3FB8-F375-9D1B8E490FD3
1730294259: Sending PINGRESP to auto-F5AD998C-6569-3FB8-F375-9D1B8E490FD3
1730294320: Received PINGREQ from auto-414B3A2A-359F-3783-A594-B1E8B9EA13D8
1730294320: Sending PINGRESP to auto-414B3A2A-359F-3783-A594-B1E8B9EA13D8
1730294320: Received PINGREQ from auto-A404ACD9-6484-3859-B252-BA436B520874
1730294320: Sending PINGRESP to auto-A404ACD9-6484-3859-B252-BA436B520874
1730294320: Received PINGREQ from auto-F5AD998C-6569-3FB8-F375-9D1B8E490FD3
1730294320: Sending PINGRESP to auto-F5AD998C-6569-3FB8-F375-9D1B8E490FD3
1730294320: Received PINGREQ from auto-B3273618-8FCF-38B2-73D0-80814AF6CFD5
1730294320: Sending PINGRESP to auto-B3273618-8FCF-38B2-73D0-80814AF6CFD5
1730295263: Client auto-F5AD998C-6569-3FB8-F375-9D1B8E490FD3 has exceeded timeout, disconnecting.
1730295263: Client auto-414B3A2A-359F-3783-A594-B1E8B9EA13D8 has exceeded timeout, disconnecting.
1730295263: Client auto-A404ACD9-6484-3859-B252-BA436B520874 has exceeded timeout, disconnecting.
1730295263: Client auto-B3273618-8FCF-38B2-73D0-80814AF6CFD5 has exceeded timeout, disconnecting.
1730295264: New connection from ::1:46730 on port 1883.
1730295264: New connection from ::1:46736 on port 1883.
1730295264: New connection from ::1:46746 on port 1883.
1730295264: New client connected from ::1:46730 as auto-83F431D3-4E48-D208-6BEA-B8215A432BF8 (p2, c1, k60).
1730295264: No will message specified.
1730295264: Sending CONNACK to auto-83F431D3-4E48-D208-6BEA-B8215A432BF8 (0, 0)
1730295264: New client connected from ::1:46736 as auto-A1E5AE8D-AEED-8EA9-EBEC-5069A9C00D41 (p2, c1, k60).
1730295264: No will message specified.
1730295264: Sending CONNACK to auto-A1E5AE8D-AEED-8EA9-EBEC-5069A9C00D41 (0, 0)
1730295264: New client connected from ::1:46746 as auto-D1B6E969-D48D-E08F-1BF3-247C4F88213F (p2, c1, k60).
1730295264: No will message specified.
1730295264: Sending CONNACK to auto-D1B6E969-D48D-E08F-1BF3-247C4F88213F (0, 0)
1730295264: Received SUBSCRIBE from auto-83F431D3-4E48-D208-6BEA-B8215A432BF8
1730295264: 	tem (QoS 0)
1730295264: auto-83F431D3-4E48-D208-6BEA-B8215A432BF8 0 tem
1730295264: Sending SUBACK to auto-83F431D3-4E48-D208-6BEA-B8215A432BF8
1730295264: Received SUBSCRIBE from auto-A1E5AE8D-AEED-8EA9-EBEC-5069A9C00D41
1730295264: 	hum (QoS 0)
1730295264: auto-A1E5AE8D-AEED-8EA9-EBEC-5069A9C00D41 0 hum
1730295264: Sending SUBACK to auto-A1E5AE8D-AEED-8EA9-EBEC-5069A9C00D41
1730295264: Received SUBSCRIBE from auto-D1B6E969-D48D-E08F-1BF3-247C4F88213F
1730295264: 	gas (QoS 0)
1730295264: auto-D1B6E969-D48D-E08F-1BF3-247C4F88213F 0 gas
1730295264: Sending SUBACK to auto-D1B6E969-D48D-E08F-1BF3-247C4F88213F
1730295264: New connection from ::1:46752 on port 1883.
1730295264: New client connected from ::1:46752 as auto-E3C91894-38E8-94B1-2FA4-334244CBB2BA (p2, c1, k60).
1730295264: No will message specified.
1730295264: Sending CONNACK to auto-E3C91894-38E8-94B1-2FA4-334244CBB2BA (0, 0)
1730295264: Received SUBSCRIBE from auto-E3C91894-38E8-94B1-2FA4-334244CBB2BA
1730295264: 	lux (QoS 0)
1730295264: auto-E3C91894-38E8-94B1-2FA4-334244CBB2BA 0 lux
1730295264: Sending SUBACK to auto-E3C91894-38E8-94B1-2FA4-334244CBB2BA
1730296212: Client auto-83F431D3-4E48-D208-6BEA-B8215A432BF8 has exceeded timeout, disconnecting.
1730296212: Client auto-A1E5AE8D-AEED-8EA9-EBEC-5069A9C00D41 has exceeded timeout, disconnecting.
1730296212: Client auto-D1B6E969-D48D-E08F-1BF3-247C4F88213F has exceeded timeout, disconnecting.
1730296212: Client auto-E3C91894-38E8-94B1-2FA4-334244CBB2BA has exceeded timeout, disconnecting.
1730296213: New connection from ::1:34740 on port 1883.
1730296213: New connection from ::1:34738 on port 1883.
1730296213: New connection from ::1:34760 on port 1883.
1730296213: New connection from ::1:34766 on port 1883.
1730296213: New client connected from ::1:34740 as auto-C842DCAD-F01E-129E-B33C-08C38EFB027D (p2, c1, k60).
1730296213: No will message specified.
1730296213: Sending CONNACK to auto-C842DCAD-F01E-129E-B33C-08C38EFB027D (0, 0)
1730296213: New client connected from ::1:34738 as auto-7777B404-A5F7-298A-7AA3-C927113DE5F0 (p2, c1, k60).
1730296213: No will message specified.
1730296213: Sending CONNACK to auto-7777B404-A5F7-298A-7AA3-C927113DE5F0 (0, 0)
1730296213: New client connected from ::1:34760 as auto-CE1C1D36-41B7-8566-E168-20D4D0113A91 (p2, c1, k60).
1730296213: No will message specified.
1730296213: Sending CONNACK to auto-CE1C1D36-41B7-8566-E168-20D4D0113A91 (0, 0)
1730296213: New client connected from ::1:34766 as auto-08FF15EE-0D3E-E781-2611-83055A74E312 (p2, c1, k60).
1730296213: No will message specified.
1730296213: Sending CONNACK to auto-08FF15EE-0D3E-E781-2611-83055A74E312 (0, 0)
1730296213: Received SUBSCRIBE from auto-C842DCAD-F01E-129E-B33C-08C38EFB027D
1730296213: 	lux (QoS 0)
1730296213: auto-C842DCAD-F01E-129E-B33C-08C38EFB027D 0 lux
1730296213: Sending SUBACK to auto-C842DCAD-F01E-129E-B33C-08C38EFB027D
1730296213: Received SUBSCRIBE from auto-7777B404-A5F7-298A-7AA3-C927113DE5F0
1730296213: 	tem (QoS 0)
1730296213: auto-7777B404-A5F7-298A-7AA3-C927113DE5F0 0 tem
1730296213: Sending SUBACK to auto-7777B404-A5F7-298A-7AA3-C927113DE5F0
1730296213: Received SUBSCRIBE from auto-CE1C1D36-41B7-8566-E168-20D4D0113A91
1730296213: 	gas (QoS 0)
1730296213: auto-CE1C1D36-41B7-8566-E168-20D4D0113A91 0 gas
1730296213: Sending SUBACK to auto-CE1C1D36-41B7-8566-E168-20D4D0113A91
1730296213: Received SUBSCRIBE from auto-08FF15EE-0D3E-E781-2611-83055A74E312
1730296213: 	hum (QoS 0)
1730296213: auto-08FF15EE-0D3E-E781-2611-83055A74E312 0 hum
1730296213: Sending SUBACK to auto-08FF15EE-0D3E-E781-2611-83055A74E312
1730296711: Client auto-C842DCAD-F01E-129E-B33C-08C38EFB027D has exceeded timeout, disconnecting.
1730296711: Client auto-7777B404-A5F7-298A-7AA3-C927113DE5F0 has exceeded timeout, disconnecting.
1730296711: Client auto-CE1C1D36-41B7-8566-E168-20D4D0113A91 has exceeded timeout, disconnecting.
1730296711: Client auto-08FF15EE-0D3E-E781-2611-83055A74E312 has exceeded timeout, disconnecting.
1730296712: New connection from ::1:53920 on port 1883.
1730296712: New connection from ::1:53932 on port 1883.
1730296712: New connection from ::1:53938 on port 1883.
1730296712: New client connected from ::1:53920 as auto-D288E431-DDEA-588A-5DD1-F33D76211CE7 (p2, c1, k60).
1730296712: No will message specified.
1730296712: Sending CONNACK to auto-D288E431-DDEA-588A-5DD1-F33D76211CE7 (0, 0)
1730296712: New client connected from ::1:53932 as auto-8420865A-351F-975F-12DB-198E5C9189F4 (p2, c1, k60).
1730296712: No will message specified.
1730296712: Sending CONNACK to auto-8420865A-351F-975F-12DB-198E5C9189F4 (0, 0)
1730296712: New client connected from ::1:53938 as auto-B986E243-D7B6-CAB2-89F5-4AE7E0FFEBCE (p2, c1, k60).
1730296712: No will message specified.
1730296712: Sending CONNACK to auto-B986E243-D7B6-CAB2-89F5-4AE7E0FFEBCE (0, 0)
1730296712: Received SUBSCRIBE from auto-D288E431-DDEA-588A-5DD1-F33D76211CE7
1730296712: 	gas (QoS 0)
1730296712: auto-D288E431-DDEA-588A-5DD1-F33D76211CE7 0 gas
1730296712: Sending SUBACK to auto-D288E431-DDEA-588A-5DD1-F33D76211CE7
1730296712: Received SUBSCRIBE from auto-8420865A-351F-975F-12DB-198E5C9189F4
1730296712: 	lux (QoS 0)
1730296712: auto-8420865A-351F-975F-12DB-198E5C9189F4 0 lux
1730296712: Sending SUBACK to auto-8420865A-351F-975F-12DB-198E5C9189F4
1730296712: Received SUBSCRIBE from auto-B986E243-D7B6-CAB2-89F5-4AE7E0FFEBCE
1730296712: 	hum (QoS 0)
1730296712: auto-B986E243-D7B6-CAB2-89F5-4AE7E0FFEBCE 0 hum
1730296712: Sending SUBACK to auto-B986E243-D7B6-CAB2-89F5-4AE7E0FFEBCE
1730296712: New connection from ::1:53950 on port 1883.
1730296712: New client connected from ::1:53950 as auto-750235FF-680B-9F78-EEA8-9D42B8B956CD (p2, c1, k60).
1730296712: No will message specified.
1730296712: Sending CONNACK to auto-750235FF-680B-9F78-EEA8-9D42B8B956CD (0, 0)
1730296712: Received SUBSCRIBE from auto-750235FF-680B-9F78-EEA8-9D42B8B956CD
1730296712: 	tem (QoS 0)
1730296712: auto-750235FF-680B-9F78-EEA8-9D42B8B956CD 0 tem
1730296712: Sending SUBACK to auto-750235FF-680B-9F78-EEA8-9D42B8B956CD
1730296808: Client auto-D288E431-DDEA-588A-5DD1-F33D76211CE7 has exceeded timeout, disconnecting.
1730296808: Client auto-8420865A-351F-975F-12DB-198E5C9189F4 has exceeded timeout, disconnecting.
1730296808: Client auto-B986E243-D7B6-CAB2-89F5-4AE7E0FFEBCE has exceeded timeout, disconnecting.
1730296808: Client auto-750235FF-680B-9F78-EEA8-9D42B8B956CD has exceeded timeout, disconnecting.
1730296809: New connection from ::1:59646 on port 1883.
1730296809: New connection from ::1:59648 on port 1883.
1730296809: New connection from ::1:59670 on port 1883.
1730296809: New connection from ::1:59676 on port 1883.
1730296809: New client connected from ::1:59646 as auto-1E81BDDD-6290-6C6A-92BF-D42335853006 (p2, c1, k60).
1730296809: No will message specified.
1730296809: Sending CONNACK to auto-1E81BDDD-6290-6C6A-92BF-D42335853006 (0, 0)
1730296809: New client connected from ::1:59648 as auto-4E9082E4-AA8D-FC29-67A7-1BF7EE64E385 (p2, c1, k60).
1730296809: No will message specified.
1730296809: Sending CONNACK to auto-4E9082E4-AA8D-FC29-67A7-1BF7EE64E385 (0, 0)
1730296809: New client connected from ::1:59670 as auto-D2D8167B-3844-8DDF-BC1C-0F608A754F67 (p2, c1, k60).
1730296809: No will message specified.
1730296809: Sending CONNACK to auto-D2D8167B-3844-8DDF-BC1C-0F608A754F67 (0, 0)
1730296809: New client connected from ::1:59676 as auto-A5B2061A-D16B-E06F-46A8-B52F9AEB6FEA (p2, c1, k60).
1730296809: No will message specified.
1730296809: Sending CONNACK to auto-A5B2061A-D16B-E06F-46A8-B52F9AEB6FEA (0, 0)
1730296809: Received SUBSCRIBE from auto-1E81BDDD-6290-6C6A-92BF-D42335853006
1730296809: 	gas (QoS 0)
1730296809: auto-1E81BDDD-6290-6C6A-92BF-D42335853006 0 gas
1730296809: Sending SUBACK to auto-1E81BDDD-6290-6C6A-92BF-D42335853006
1730296809: Received SUBSCRIBE from auto-4E9082E4-AA8D-FC29-67A7-1BF7EE64E385
1730296809: 	lux (QoS 0)
1730296809: auto-4E9082E4-AA8D-FC29-67A7-1BF7EE64E385 0 lux
1730296809: Sending SUBACK to auto-4E9082E4-AA8D-FC29-67A7-1BF7EE64E385
1730296809: Received SUBSCRIBE from auto-D2D8167B-3844-8DDF-BC1C-0F608A754F67
1730296809: 	hum (QoS 0)
1730296809: auto-D2D8167B-3844-8DDF-BC1C-0F608A754F67 0 hum
1730296809: Sending SUBACK to auto-D2D8167B-3844-8DDF-BC1C-0F608A754F67
1730296809: Received SUBSCRIBE from auto-A5B2061A-D16B-E06F-46A8-B52F9AEB6FEA
1730296809: 	tem (QoS 0)
1730296809: auto-A5B2061A-D16B-E06F-46A8-B52F9AEB6FEA 0 tem
1730296809: Sending SUBACK to auto-A5B2061A-D16B-E06F-46A8-B52F9AEB6FEA
1730296868: Received PINGREQ from auto-D2D8167B-3844-8DDF-BC1C-0F608A754F67
1730296868: Sending PINGRESP to auto-D2D8167B-3844-8DDF-BC1C-0F608A754F67
1730296868: Received PINGREQ from auto-A5B2061A-D16B-E06F-46A8-B52F9AEB6FEA
1730296868: Sending PINGRESP to auto-A5B2061A-D16B-E06F-46A8-B52F9AEB6FEA
1730296868: Received PINGREQ from auto-1E81BDDD-6290-6C6A-92BF-D42335853006
1730296868: Sending PINGRESP to auto-1E81BDDD-6290-6C6A-92BF-D42335853006
1730296868: Received PINGREQ from auto-4E9082E4-AA8D-FC29-67A7-1BF7EE64E385
1730296868: Sending PINGRESP to auto-4E9082E4-AA8D-FC29-67A7-1BF7EE64E385
1730296928: Received PINGREQ from auto-1E81BDDD-6290-6C6A-92BF-D42335853006
1730296928: Sending PINGRESP to auto-1E81BDDD-6290-6C6A-92BF-D42335853006
1730296928: Received PINGREQ from auto-D2D8167B-3844-8DDF-BC1C-0F608A754F67
1730296928: Sending PINGRESP to auto-D2D8167B-3844-8DDF-BC1C-0F608A754F67
1730296928: Received PINGREQ from auto-A5B2061A-D16B-E06F-46A8-B52F9AEB6FEA
1730296928: Sending PINGRESP to auto-A5B2061A-D16B-E06F-46A8-B52F9AEB6FEA
1730296928: Received PINGREQ from auto-4E9082E4-AA8D-FC29-67A7-1BF7EE64E385
1730296928: Sending PINGRESP to auto-4E9082E4-AA8D-FC29-67A7-1BF7EE64E385
1730296988: Received PINGREQ from auto-A5B2061A-D16B-E06F-46A8-B52F9AEB6FEA
1730296988: Sending PINGRESP to auto-A5B2061A-D16B-E06F-46A8-B52F9AEB6FEA
1730296988: Received PINGREQ from auto-D2D8167B-3844-8DDF-BC1C-0F608A754F67
1730296988: Sending PINGRESP to auto-D2D8167B-3844-8DDF-BC1C-0F608A754F67
1730296988: Received PINGREQ from auto-1E81BDDD-6290-6C6A-92BF-D42335853006
1730296988: Sending PINGRESP to auto-1E81BDDD-6290-6C6A-92BF-D42335853006
1730296988: Received PINGREQ from auto-4E9082E4-AA8D-FC29-67A7-1BF7EE64E385
1730296988: Sending PINGRESP to auto-4E9082E4-AA8D-FC29-67A7-1BF7EE64E385
1730297048: Received PINGREQ from auto-1E81BDDD-6290-6C6A-92BF-D42335853006
1730297048: Sending PINGRESP to auto-1E81BDDD-6290-6C6A-92BF-D42335853006
1730297048: Received PINGREQ from auto-A5B2061A-D16B-E06F-46A8-B52F9AEB6FEA
1730297048: Sending PINGRESP to auto-A5B2061A-D16B-E06F-46A8-B52F9AEB6FEA
1730297048: Received PINGREQ from auto-D2D8167B-3844-8DDF-BC1C-0F608A754F67
1730297048: Sending PINGRESP to auto-D2D8167B-3844-8DDF-BC1C-0F608A754F67
1730297048: Received PINGREQ from auto-4E9082E4-AA8D-FC29-67A7-1BF7EE64E385
1730297048: Sending PINGRESP to auto-4E9082E4-AA8D-FC29-67A7-1BF7EE64E385
1730297088: New connection from 172.18.0.4:41760 on port 1883.
1730297088: New client connected from 172.18.0.4:41760 as auto-315E4A28-40F0-10FC-95BB-38FD06519AD8 (p2, c1, k60).
1730297088: No will message specified.
1730297088: Sending CONNACK to auto-315E4A28-40F0-10FC-95BB-38FD06519AD8 (0, 0)
1730297088: Received PUBLISH from auto-315E4A28-40F0-10FC-95BB-38FD06519AD8 (d0, q0, r0, m0, 'tem', ... (4 bytes))
1730297088: Sending PUBLISH to auto-A5B2061A-D16B-E06F-46A8-B52F9AEB6FEA (d0, q0, r0, m0, 'tem', ... (4 bytes))
1730297088: Received DISCONNECT from auto-315E4A28-40F0-10FC-95BB-38FD06519AD8
1730297088: Client auto-315E4A28-40F0-10FC-95BB-38FD06519AD8 disconnected.
1730297108: Received PINGREQ from auto-4E9082E4-AA8D-FC29-67A7-1BF7EE64E385
1730297108: Sending PINGRESP to auto-4E9082E4-AA8D-FC29-67A7-1BF7EE64E385
1730297108: Received PINGREQ from auto-1E81BDDD-6290-6C6A-92BF-D42335853006
1730297108: Sending PINGRESP to auto-1E81BDDD-6290-6C6A-92BF-D42335853006
1730297108: Received PINGREQ from auto-D2D8167B-3844-8DDF-BC1C-0F608A754F67
1730297108: Sending PINGRESP to auto-D2D8167B-3844-8DDF-BC1C-0F608A754F67
1730297108: Received PINGREQ from auto-A5B2061A-D16B-E06F-46A8-B52F9AEB6FEA
1730297108: Sending PINGRESP to auto-A5B2061A-D16B-E06F-46A8-B52F9AEB6FEA
1730297168: Received PINGREQ from auto-4E9082E4-AA8D-FC29-67A7-1BF7EE64E385
1730297168: Sending PINGRESP to auto-4E9082E4-AA8D-FC29-67A7-1BF7EE64E385
1730297168: Received PINGREQ from auto-1E81BDDD-6290-6C6A-92BF-D42335853006
1730297168: Sending PINGRESP to auto-1E81BDDD-6290-6C6A-92BF-D42335853006
1730297168: Received PINGREQ from auto-D2D8167B-3844-8DDF-BC1C-0F608A754F67
1730297168: Sending PINGRESP to auto-D2D8167B-3844-8DDF-BC1C-0F608A754F67
1730297168: Received PINGREQ from auto-A5B2061A-D16B-E06F-46A8-B52F9AEB6FEA
1730297168: Sending PINGRESP to auto-A5B2061A-D16B-E06F-46A8-B52F9AEB6FEA
1730297169: New connection from 172.18.0.4:58050 on port 1883.
1730297169: New client connected from 172.18.0.4:58050 as auto-1EF35A9A-BCFC-A324-DB3F-B6755ED83C09 (p2, c1, k60).
1730297169: No will message specified.
1730297169: Sending CONNACK to auto-1EF35A9A-BCFC-A324-DB3F-B6755ED83C09 (0, 0)
1730297169: Received PUBLISH from auto-1EF35A9A-BCFC-A324-DB3F-B6755ED83C09 (d0, q0, r0, m0, 'tem', ... (4 bytes))
1730297169: Sending PUBLISH to auto-A5B2061A-D16B-E06F-46A8-B52F9AEB6FEA (d0, q0, r0, m0, 'tem', ... (4 bytes))
1730297169: Received DISCONNECT from auto-1EF35A9A-BCFC-A324-DB3F-B6755ED83C09
1730297169: Client auto-1EF35A9A-BCFC-A324-DB3F-B6755ED83C09 disconnected.
1730297215: New connection from 172.18.0.4:47090 on port 1883.
1730297215: New client connected from 172.18.0.4:47090 as auto-2C262C2A-6F92-9169-023D-3F67A24FE2B5 (p2, c1, k60).
1730297215: No will message specified.
1730297215: Sending CONNACK to auto-2C262C2A-6F92-9169-023D-3F67A24FE2B5 (0, 0)
1730297215: Received PUBLISH from auto-2C262C2A-6F92-9169-023D-3F67A24FE2B5 (d0, q0, r0, m0, 'tem', ... (4 bytes))
1730297215: Sending PUBLISH to auto-A5B2061A-D16B-E06F-46A8-B52F9AEB6FEA (d0, q0, r0, m0, 'tem', ... (4 bytes))
1730297215: Received DISCONNECT from auto-2C262C2A-6F92-9169-023D-3F67A24FE2B5
1730297215: Client auto-2C262C2A-6F92-9169-023D-3F67A24FE2B5 disconnected.
1730297220: New connection from 172.18.0.4:55638 on port 1883.
1730297220: New client connected from 172.18.0.4:55638 as auto-9BCC9420-E5FE-D847-D4D7-402A781BACA6 (p2, c1, k60).
1730297220: No will message specified.
1730297220: Sending CONNACK to auto-9BCC9420-E5FE-D847-D4D7-402A781BACA6 (0, 0)
1730297220: Received PUBLISH from auto-9BCC9420-E5FE-D847-D4D7-402A781BACA6 (d0, q0, r0, m0, 'tem', ... (4 bytes))
1730297220: Sending PUBLISH to auto-A5B2061A-D16B-E06F-46A8-B52F9AEB6FEA (d0, q0, r0, m0, 'tem', ... (4 bytes))
1730297220: Received DISCONNECT from auto-9BCC9420-E5FE-D847-D4D7-402A781BACA6
1730297220: Client auto-9BCC9420-E5FE-D847-D4D7-402A781BACA6 disconnected.
1730297228: Received PINGREQ from auto-A5B2061A-D16B-E06F-46A8-B52F9AEB6FEA
1730297228: Sending PINGRESP to auto-A5B2061A-D16B-E06F-46A8-B52F9AEB6FEA
1730297228: Received PINGREQ from auto-4E9082E4-AA8D-FC29-67A7-1BF7EE64E385
1730297228: Sending PINGRESP to auto-4E9082E4-AA8D-FC29-67A7-1BF7EE64E385
1730297229: Received PINGREQ from auto-1E81BDDD-6290-6C6A-92BF-D42335853006
1730297229: Sending PINGRESP to auto-1E81BDDD-6290-6C6A-92BF-D42335853006
1730297229: Received PINGREQ from auto-D2D8167B-3844-8DDF-BC1C-0F608A754F67
1730297229: Sending PINGRESP to auto-D2D8167B-3844-8DDF-BC1C-0F608A754F67
1730297231: New connection from 172.18.0.4:34540 on port 1883.
1730297231: New client connected from 172.18.0.4:34540 as auto-D215CA0C-78A4-4F54-E367-FDD17E60D947 (p2, c1, k60).
1730297231: No will message specified.
1730297231: Sending CONNACK to auto-D215CA0C-78A4-4F54-E367-FDD17E60D947 (0, 0)
1730297231: Received PUBLISH from auto-D215CA0C-78A4-4F54-E367-FDD17E60D947 (d0, q0, r0, m0, 'tem', ... (4 bytes))
1730297231: Sending PUBLISH to auto-A5B2061A-D16B-E06F-46A8-B52F9AEB6FEA (d0, q0, r0, m0, 'tem', ... (4 bytes))
1730297231: Received DISCONNECT from auto-D215CA0C-78A4-4F54-E367-FDD17E60D947
1730297231: Client auto-D215CA0C-78A4-4F54-E367-FDD17E60D947 disconnected.
1730297288: Received PINGREQ from auto-A5B2061A-D16B-E06F-46A8-B52F9AEB6FEA
1730297288: Sending PINGRESP to auto-A5B2061A-D16B-E06F-46A8-B52F9AEB6FEA
1730297288: Received PINGREQ from auto-4E9082E4-AA8D-FC29-67A7-1BF7EE64E385
1730297288: Sending PINGRESP to auto-4E9082E4-AA8D-FC29-67A7-1BF7EE64E385
1730297288: Received PINGREQ from auto-1E81BDDD-6290-6C6A-92BF-D42335853006
1730297288: Sending PINGRESP to auto-1E81BDDD-6290-6C6A-92BF-D42335853006
1730297288: Received PINGREQ from auto-D2D8167B-3844-8DDF-BC1C-0F608A754F67
1730297288: Sending PINGRESP to auto-D2D8167B-3844-8DDF-BC1C-0F608A754F67
1730297348: Received PINGREQ from auto-A5B2061A-D16B-E06F-46A8-B52F9AEB6FEA
1730297348: Sending PINGRESP to auto-A5B2061A-D16B-E06F-46A8-B52F9AEB6FEA
1730297348: Received PINGREQ from auto-4E9082E4-AA8D-FC29-67A7-1BF7EE64E385
1730297348: Sending PINGRESP to auto-4E9082E4-AA8D-FC29-67A7-1BF7EE64E385
1730297348: Received PINGREQ from auto-1E81BDDD-6290-6C6A-92BF-D42335853006
1730297348: Sending PINGRESP to auto-1E81BDDD-6290-6C6A-92BF-D42335853006
1730297348: Received PINGREQ from auto-D2D8167B-3844-8DDF-BC1C-0F608A754F67
1730297348: Sending PINGRESP to auto-D2D8167B-3844-8DDF-BC1C-0F608A754F67
1730297379: mosquitto version 2.0.20 terminating
1730297379: mosquitto version 2.0.20 starting
1730297379: Config loaded from /mosquitto/config/mosquitto.conf.
1730297379: Opening ipv4 listen socket on port 1883.
1730297379: Opening ipv6 listen socket on port 1883.
1730297379: mosquitto version 2.0.20 running
1730297384: New connection from ::1:37982 on port 1883.
1730297384: New connection from ::1:37986 on port 1883.
1730297384: New connection from ::1:37984 on port 1883.
1730297384: New connection from ::1:38012 on port 1883.
1730297384: New client connected from ::1:37982 as auto-F26D3D39-D0CA-3B39-2A75-20360B010B47 (p2, c1, k60).
1730297384: No will message specified.
1730297384: Sending CONNACK to auto-F26D3D39-D0CA-3B39-2A75-20360B010B47 (0, 0)
1730297384: New client connected from ::1:37986 as auto-F0CD8471-0DF6-B11B-8CDE-034FFE0B6132 (p2, c1, k60).
1730297384: No will message specified.
1730297384: Sending CONNACK to auto-F0CD8471-0DF6-B11B-8CDE-034FFE0B6132 (0, 0)
1730297384: New client connected from ::1:37984 as auto-1DB11CE3-DAB2-DE2D-E012-051166D738A4 (p2, c1, k60).
1730297384: No will message specified.
1730297384: Sending CONNACK to auto-1DB11CE3-DAB2-DE2D-E012-051166D738A4 (0, 0)
1730297384: New client connected from ::1:38012 as auto-F9EA08FB-93B8-132F-FDE1-0DAC748EE28D (p2, c1, k60).
1730297384: No will message specified.
1730297384: Sending CONNACK to auto-F9EA08FB-93B8-132F-FDE1-0DAC748EE28D (0, 0)
1730297384: Received SUBSCRIBE from auto-F26D3D39-D0CA-3B39-2A75-20360B010B47
1730297384: 	tem (QoS 0)
1730297384: auto-F26D3D39-D0CA-3B39-2A75-20360B010B47 0 tem
1730297384: Sending SUBACK to auto-F26D3D39-D0CA-3B39-2A75-20360B010B47
1730297384: Received SUBSCRIBE from auto-F0CD8471-0DF6-B11B-8CDE-034FFE0B6132
1730297384: 	hum (QoS 0)
1730297384: auto-F0CD8471-0DF6-B11B-8CDE-034FFE0B6132 0 hum
1730297384: Sending SUBACK to auto-F0CD8471-0DF6-B11B-8CDE-034FFE0B6132
1730297384: Received SUBSCRIBE from auto-1DB11CE3-DAB2-DE2D-E012-051166D738A4
1730297384: 	gas (QoS 0)
1730297384: auto-1DB11CE3-DAB2-DE2D-E012-051166D738A4 0 gas
1730297384: Sending SUBACK to auto-1DB11CE3-DAB2-DE2D-E012-051166D738A4
1730297384: Received SUBSCRIBE from auto-F9EA08FB-93B8-132F-FDE1-0DAC748EE28D
1730297384: 	lux (QoS 0)
1730297384: auto-F9EA08FB-93B8-132F-FDE1-0DAC748EE28D 0 lux
1730297384: Sending SUBACK to auto-F9EA08FB-93B8-132F-FDE1-0DAC748EE28D
1730297390: mosquitto version 2.0.20 terminating
1730297394: mosquitto version 2.0.20 starting
1730297394: Config loaded from /mosquitto/config/mosquitto.conf.
1730297394: Opening ipv4 listen socket on port 1883.
1730297394: Opening ipv6 listen socket on port 1883.
1730297394: mosquitto version 2.0.20 running
1730297399: New connection from ::1:55300 on port 1883.
1730297399: New connection from ::1:55302 on port 1883.
1730297399: New connection from ::1:55298 on port 1883.
1730297399: New connection from ::1:55316 on port 1883.
1730297399: New client connected from ::1:55300 as auto-9FF02F2B-6470-A031-9CFD-A4C4D9C4ED52 (p2, c1, k60).
1730297399: No will message specified.
1730297399: Sending CONNACK to auto-9FF02F2B-6470-A031-9CFD-A4C4D9C4ED52 (0, 0)
1730297399: New client connected from ::1:55302 as auto-6EBD4A60-7D1F-E4C2-1018-24A1781CB6DF (p2, c1, k60).
1730297399: No will message specified.
1730297399: Sending CONNACK to auto-6EBD4A60-7D1F-E4C2-1018-24A1781CB6DF (0, 0)
1730297399: New client connected from ::1:55298 as auto-7386D48D-2B21-6C73-224C-D368CB454E08 (p2, c1, k60).
1730297399: No will message specified.
1730297399: Sending CONNACK to auto-7386D48D-2B21-6C73-224C-D368CB454E08 (0, 0)
1730297399: New client connected from ::1:55316 as auto-F96E31D5-2C5A-59CF-F0DD-11360C39ACA6 (p2, c1, k60).
1730297399: No will message specified.
1730297399: Sending CONNACK to auto-F96E31D5-2C5A-59CF-F0DD-11360C39ACA6 (0, 0)
1730297399: Received SUBSCRIBE from auto-9FF02F2B-6470-A031-9CFD-A4C4D9C4ED52
1730297399: 	tem (QoS 0)
1730297399: auto-9FF02F2B-6470-A031-9CFD-A4C4D9C4ED52 0 tem
1730297399: Sending SUBACK to auto-9FF02F2B-6470-A031-9CFD-A4C4D9C4ED52
1730297399: Received SUBSCRIBE from auto-6EBD4A60-7D1F-E4C2-1018-24A1781CB6DF
1730297399: 	hum (QoS 0)
1730297399: auto-6EBD4A60-7D1F-E4C2-1018-24A1781CB6DF 0 hum
1730297399: Sending SUBACK to auto-6EBD4A60-7D1F-E4C2-1018-24A1781CB6DF
1730297399: Received SUBSCRIBE from auto-7386D48D-2B21-6C73-224C-D368CB454E08
1730297399: 	lux (QoS 0)
1730297399: auto-7386D48D-2B21-6C73-224C-D368CB454E08 0 lux
1730297399: Sending SUBACK to auto-7386D48D-2B21-6C73-224C-D368CB454E08
1730297399: Received SUBSCRIBE from auto-F96E31D5-2C5A-59CF-F0DD-11360C39ACA6
1730297399: 	gas (QoS 0)
1730297399: auto-F96E31D5-2C5A-59CF-F0DD-11360C39ACA6 0 gas
1730297399: Sending SUBACK to auto-F96E31D5-2C5A-59CF-F0DD-11360C39ACA6
1730297449: New connection from ::1:42304 on port 1883.
1730297449: New client connected from ::1:42304 as auto-0FA41CA1-C204-ACC1-DDC9-912AFA9E2F66 (p2, c1, k60).
1730297449: No will message specified.
1730297449: Sending CONNACK to auto-0FA41CA1-C204-ACC1-DDC9-912AFA9E2F66 (0, 0)
1730297449: Received PUBLISH from auto-0FA41CA1-C204-ACC1-DDC9-912AFA9E2F66 (d0, q0, r0, m0, 'tem', ... (4 bytes))
1730297449: Sending PUBLISH to auto-9FF02F2B-6470-A031-9CFD-A4C4D9C4ED52 (d0, q0, r0, m0, 'tem', ... (4 bytes))
1730297449: Received DISCONNECT from auto-0FA41CA1-C204-ACC1-DDC9-912AFA9E2F66
1730297449: Client auto-0FA41CA1-C204-ACC1-DDC9-912AFA9E2F66 disconnected.
1730297459: Received PINGREQ from auto-F96E31D5-2C5A-59CF-F0DD-11360C39ACA6
1730297459: Sending PINGRESP to auto-F96E31D5-2C5A-59CF-F0DD-11360C39ACA6
1730297459: Received PINGREQ from auto-6EBD4A60-7D1F-E4C2-1018-24A1781CB6DF
1730297459: Sending PINGRESP to auto-6EBD4A60-7D1F-E4C2-1018-24A1781CB6DF
1730297459: Received PINGREQ from auto-7386D48D-2B21-6C73-224C-D368CB454E08
1730297459: Sending PINGRESP to auto-7386D48D-2B21-6C73-224C-D368CB454E08
1730297459: Received PINGREQ from auto-9FF02F2B-6470-A031-9CFD-A4C4D9C4ED52
1730297459: Sending PINGRESP to auto-9FF02F2B-6470-A031-9CFD-A4C4D9C4ED52
1730297519: Received PINGREQ from auto-9FF02F2B-6470-A031-9CFD-A4C4D9C4ED52
1730297519: Sending PINGRESP to auto-9FF02F2B-6470-A031-9CFD-A4C4D9C4ED52
1730297520: Received PINGREQ from auto-7386D48D-2B21-6C73-224C-D368CB454E08
1730297520: Sending PINGRESP to auto-7386D48D-2B21-6C73-224C-D368CB454E08
1730297520: Received PINGREQ from auto-6EBD4A60-7D1F-E4C2-1018-24A1781CB6DF
1730297520: Sending PINGRESP to auto-6EBD4A60-7D1F-E4C2-1018-24A1781CB6DF
1730297520: Received PINGREQ from auto-F96E31D5-2C5A-59CF-F0DD-11360C39ACA6
1730297520: Sending PINGRESP to auto-F96E31D5-2C5A-59CF-F0DD-11360C39ACA6
1730297567: mosquitto version 2.0.20 terminating
1730297571: mosquitto version 2.0.20 starting
1730297571: Config loaded from /mosquitto/config/mosquitto.conf.
1730297571: Opening ipv4 listen socket on port 1883.
1730297571: Opening ipv6 listen socket on port 1883.
1730297571: mosquitto version 2.0.20 running
1730297576: New connection from ::1:57950 on port 1883.
1730297576: New connection from ::1:57952 on port 1883.
1730297576: New connection from ::1:57970 on port 1883.
1730297576: New connection from ::1:57972 on port 1883.
1730297576: New client connected from ::1:57950 as auto-F073AAC4-4103-B2F3-037B-E6709B51ED91 (p2, c1, k60).
1730297576: No will message specified.
1730297576: Sending CONNACK to auto-F073AAC4-4103-B2F3-037B-E6709B51ED91 (0, 0)
1730297576: New client connected from ::1:57952 as auto-2CC5AACD-8DF9-8AC2-3E9D-3DB3832BA426 (p2, c1, k60).
1730297576: No will message specified.
1730297576: Sending CONNACK to auto-2CC5AACD-8DF9-8AC2-3E9D-3DB3832BA426 (0, 0)
1730297576: New client connected from ::1:57970 as auto-A1CD0BB7-B3C4-099D-9740-32287FB13C31 (p2, c1, k60).
1730297576: No will message specified.
1730297576: Sending CONNACK to auto-A1CD0BB7-B3C4-099D-9740-32287FB13C31 (0, 0)
1730297576: New client connected from ::1:57972 as auto-A5C3CF07-8D5E-1E62-130C-6625EABB8CB9 (p2, c1, k60).
1730297576: No will message specified.
1730297576: Sending CONNACK to auto-A5C3CF07-8D5E-1E62-130C-6625EABB8CB9 (0, 0)
1730297576: Received SUBSCRIBE from auto-F073AAC4-4103-B2F3-037B-E6709B51ED91
1730297576: 	tem (QoS 0)
1730297576: auto-F073AAC4-4103-B2F3-037B-E6709B51ED91 0 tem
1730297576: Sending SUBACK to auto-F073AAC4-4103-B2F3-037B-E6709B51ED91
1730297576: Received SUBSCRIBE from auto-2CC5AACD-8DF9-8AC2-3E9D-3DB3832BA426
1730297576: 	lux (QoS 0)
1730297576: auto-2CC5AACD-8DF9-8AC2-3E9D-3DB3832BA426 0 lux
1730297576: Sending SUBACK to auto-2CC5AACD-8DF9-8AC2-3E9D-3DB3832BA426
1730297576: Received SUBSCRIBE from auto-A1CD0BB7-B3C4-099D-9740-32287FB13C31
1730297576: 	gas (QoS 0)
1730297576: auto-A1CD0BB7-B3C4-099D-9740-32287FB13C31 0 gas
1730297576: Sending SUBACK to auto-A1CD0BB7-B3C4-099D-9740-32287FB13C31
1730297576: Received SUBSCRIBE from auto-A5C3CF07-8D5E-1E62-130C-6625EABB8CB9
1730297576: 	hum (QoS 0)
1730297576: auto-A5C3CF07-8D5E-1E62-130C-6625EABB8CB9 0 hum
1730297576: Sending SUBACK to auto-A5C3CF07-8D5E-1E62-130C-6625EABB8CB9
1730297579: New connection from ::1:57984 on port 1883.
1730297579: New client connected from ::1:57984 as auto-E125AD2C-548F-2587-0319-1C74F7302708 (p2, c1, k60).
1730297579: No will message specified.
1730297579: Sending CONNACK to auto-E125AD2C-548F-2587-0319-1C74F7302708 (0, 0)
1730297579: Received PUBLISH from auto-E125AD2C-548F-2587-0319-1C74F7302708 (d0, q0, r0, m0, 'tem', ... (4 bytes))
1730297579: Sending PUBLISH to auto-F073AAC4-4103-B2F3-037B-E6709B51ED91 (d0, q0, r0, m0, 'tem', ... (4 bytes))
1730297579: Received DISCONNECT from auto-E125AD2C-548F-2587-0319-1C74F7302708
1730297579: Client auto-E125AD2C-548F-2587-0319-1C74F7302708 disconnected.
1730297624: mosquitto version 2.0.20 terminating
1730297632: mosquitto version 2.0.20 starting
1730297632: Config loaded from /mosquitto/config/mosquitto.conf.
1730297632: Opening ipv4 listen socket on port 1883.
1730297632: Opening ipv6 listen socket on port 1883.
1730297632: mosquitto version 2.0.20 running
1730297637: New connection from ::1:39996 on port 1883.
1730297637: New connection from ::1:40004 on port 1883.
1730297637: New connection from ::1:40020 on port 1883.
1730297637: New connection from ::1:40030 on port 1883.
1730297637: New client connected from ::1:39996 as auto-02FC2D78-F2DC-F9DE-EC95-C89ABC67CF8A (p2, c1, k60).
1730297637: No will message specified.
1730297637: Sending CONNACK to auto-02FC2D78-F2DC-F9DE-EC95-C89ABC67CF8A (0, 0)
1730297637: New client connected from ::1:40004 as auto-29A35D88-E2EC-819B-A5DD-35850CCC0AA5 (p2, c1, k60).
1730297637: No will message specified.
1730297637: Sending CONNACK to auto-29A35D88-E2EC-819B-A5DD-35850CCC0AA5 (0, 0)
1730297637: New client connected from ::1:40020 as auto-B3DDB615-7C89-C563-9B1B-1F1310124FBF (p2, c1, k60).
1730297637: No will message specified.
1730297637: Sending CONNACK to auto-B3DDB615-7C89-C563-9B1B-1F1310124FBF (0, 0)
1730297637: New client connected from ::1:40030 as auto-9442AE31-A949-9E98-A3B2-70C3A8423F2F (p2, c1, k60).
1730297637: No will message specified.
1730297637: Sending CONNACK to auto-9442AE31-A949-9E98-A3B2-70C3A8423F2F (0, 0)
1730297637: Received SUBSCRIBE from auto-02FC2D78-F2DC-F9DE-EC95-C89ABC67CF8A
1730297637: 	hum (QoS 0)
1730297637: auto-02FC2D78-F2DC-F9DE-EC95-C89ABC67CF8A 0 hum
1730297637: Sending SUBACK to auto-02FC2D78-F2DC-F9DE-EC95-C89ABC67CF8A
1730297637: Received SUBSCRIBE from auto-29A35D88-E2EC-819B-A5DD-35850CCC0AA5
1730297637: 	lux (QoS 0)
1730297637: auto-29A35D88-E2EC-819B-A5DD-35850CCC0AA5 0 lux
1730297637: Sending SUBACK to auto-29A35D88-E2EC-819B-A5DD-35850CCC0AA5
1730297637: Received SUBSCRIBE from auto-B3DDB615-7C89-C563-9B1B-1F1310124FBF
1730297637: 	tem (QoS 0)
1730297637: auto-B3DDB615-7C89-C563-9B1B-1F1310124FBF 0 tem
1730297637: Sending SUBACK to auto-B3DDB615-7C89-C563-9B1B-1F1310124FBF
1730297637: Received SUBSCRIBE from auto-9442AE31-A949-9E98-A3B2-70C3A8423F2F
1730297637: 	gas (QoS 0)
1730297637: auto-9442AE31-A949-9E98-A3B2-70C3A8423F2F 0 gas
1730297637: Sending SUBACK to auto-9442AE31-A949-9E98-A3B2-70C3A8423F2F
1730297642: New connection from ::1:40042 on port 1883.
1730297642: New client connected from ::1:40042 as auto-C173138C-941B-B663-4A3B-04AAF41787C4 (p2, c1, k60).
1730297642: No will message specified.
1730297642: Sending CONNACK to auto-C173138C-941B-B663-4A3B-04AAF41787C4 (0, 0)
1730297642: Received PUBLISH from auto-C173138C-941B-B663-4A3B-04AAF41787C4 (d0, q0, r0, m0, 'tem', ... (4 bytes))
1730297642: Sending PUBLISH to auto-B3DDB615-7C89-C563-9B1B-1F1310124FBF (d0, q0, r0, m0, 'tem', ... (4 bytes))
1730297642: Received DISCONNECT from auto-C173138C-941B-B663-4A3B-04AAF41787C4
1730297642: Client auto-C173138C-941B-B663-4A3B-04AAF41787C4 disconnected.
1730297697: Received PINGREQ from auto-B3DDB615-7C89-C563-9B1B-1F1310124FBF
1730297697: Sending PINGRESP to auto-B3DDB615-7C89-C563-9B1B-1F1310124FBF
1730297697: Received PINGREQ from auto-29A35D88-E2EC-819B-A5DD-35850CCC0AA5
1730297697: Sending PINGRESP to auto-29A35D88-E2EC-819B-A5DD-35850CCC0AA5
1730297697: Received PINGREQ from auto-9442AE31-A949-9E98-A3B2-70C3A8423F2F
1730297697: Sending PINGRESP to auto-9442AE31-A949-9E98-A3B2-70C3A8423F2F
1730297697: Received PINGREQ from auto-02FC2D78-F2DC-F9DE-EC95-C89ABC67CF8A
1730297697: Sending PINGRESP to auto-02FC2D78-F2DC-F9DE-EC95-C89ABC67CF8A
1730297757: Received PINGREQ from auto-B3DDB615-7C89-C563-9B1B-1F1310124FBF
1730297757: Sending PINGRESP to auto-B3DDB615-7C89-C563-9B1B-1F1310124FBF
1730297758: Received PINGREQ from auto-9442AE31-A949-9E98-A3B2-70C3A8423F2F
1730297758: Sending PINGRESP to auto-9442AE31-A949-9E98-A3B2-70C3A8423F2F
1730297758: Received PINGREQ from auto-02FC2D78-F2DC-F9DE-EC95-C89ABC67CF8A
1730297758: Sending PINGRESP to auto-02FC2D78-F2DC-F9DE-EC95-C89ABC67CF8A
1730297758: Received PINGREQ from auto-29A35D88-E2EC-819B-A5DD-35850CCC0AA5
1730297758: Sending PINGRESP to auto-29A35D88-E2EC-819B-A5DD-35850CCC0AA5
1730297817: Received PINGREQ from auto-02FC2D78-F2DC-F9DE-EC95-C89ABC67CF8A
1730297817: Sending PINGRESP to auto-02FC2D78-F2DC-F9DE-EC95-C89ABC67CF8A
1730297817: Received PINGREQ from auto-29A35D88-E2EC-819B-A5DD-35850CCC0AA5
1730297817: Sending PINGRESP to auto-29A35D88-E2EC-819B-A5DD-35850CCC0AA5
1730297817: Received PINGREQ from auto-9442AE31-A949-9E98-A3B2-70C3A8423F2F
1730297817: Sending PINGRESP to auto-9442AE31-A949-9E98-A3B2-70C3A8423F2F
1730297817: Received PINGREQ from auto-B3DDB615-7C89-C563-9B1B-1F1310124FBF
1730297817: Sending PINGRESP to auto-B3DDB615-7C89-C563-9B1B-1F1310124FBF
1730297872: mosquitto version 2.0.20 terminating
1730297876: mosquitto version 2.0.20 starting
1730297876: Config loaded from /mosquitto/config/mosquitto.conf.
1730297876: Opening ipv4 listen socket on port 1883.
1730297876: Opening ipv6 listen socket on port 1883.
1730297876: mosquitto version 2.0.20 running
1730297881: New connection from ::1:55618 on port 1883.
1730297881: New connection from ::1:55602 on port 1883.
1730297881: New connection from ::1:55626 on port 1883.
1730297881: New connection from ::1:55632 on port 1883.
1730297881: New client connected from ::1:55618 as auto-D8F0AF62-0BE4-83D2-73EE-FBE58CE4C1D6 (p2, c1, k60).
1730297881: No will message specified.
1730297881: Sending CONNACK to auto-D8F0AF62-0BE4-83D2-73EE-FBE58CE4C1D6 (0, 0)
1730297881: New client connected from ::1:55602 as auto-FE1CAEC5-8C79-1C95-1004-2D44762B1BD7 (p2, c1, k60).
1730297881: No will message specified.
1730297881: Sending CONNACK to auto-FE1CAEC5-8C79-1C95-1004-2D44762B1BD7 (0, 0)
1730297881: New client connected from ::1:55626 as auto-12B2A4CF-FCE4-9594-4630-93A1E3BFD7DB (p2, c1, k60).
1730297881: No will message specified.
1730297881: Sending CONNACK to auto-12B2A4CF-FCE4-9594-4630-93A1E3BFD7DB (0, 0)
1730297881: New client connected from ::1:55632 as auto-A8289F62-2917-DA20-3623-EB821E27BC14 (p2, c1, k60).
1730297881: No will message specified.
1730297881: Sending CONNACK to auto-A8289F62-2917-DA20-3623-EB821E27BC14 (0, 0)
1730297881: Received SUBSCRIBE from auto-D8F0AF62-0BE4-83D2-73EE-FBE58CE4C1D6
1730297881: 	gas (QoS 0)
1730297881: auto-D8F0AF62-0BE4-83D2-73EE-FBE58CE4C1D6 0 gas
1730297881: Sending SUBACK to auto-D8F0AF62-0BE4-83D2-73EE-FBE58CE4C1D6
1730297881: Received SUBSCRIBE from auto-FE1CAEC5-8C79-1C95-1004-2D44762B1BD7
1730297881: 	tem (QoS 0)
1730297881: auto-FE1CAEC5-8C79-1C95-1004-2D44762B1BD7 0 tem
1730297881: Sending SUBACK to auto-FE1CAEC5-8C79-1C95-1004-2D44762B1BD7
1730297881: Received SUBSCRIBE from auto-12B2A4CF-FCE4-9594-4630-93A1E3BFD7DB
1730297881: 	hum (QoS 0)
1730297881: auto-12B2A4CF-FCE4-9594-4630-93A1E3BFD7DB 0 hum
1730297881: Sending SUBACK to auto-12B2A4CF-FCE4-9594-4630-93A1E3BFD7DB
1730297881: Received SUBSCRIBE from auto-A8289F62-2917-DA20-3623-EB821E27BC14
1730297881: 	lux (QoS 0)
1730297881: auto-A8289F62-2917-DA20-3623-EB821E27BC14 0 lux
1730297881: Sending SUBACK to auto-A8289F62-2917-DA20-3623-EB821E27BC14
1730297892: New connection from ::1:57598 on port 1883.
1730297892: New client connected from ::1:57598 as auto-C8F4A9E3-2E61-7CC7-8CDA-BE315EA8B4CE (p2, c1, k60).
1730297892: No will message specified.
1730297892: Sending CONNACK to auto-C8F4A9E3-2E61-7CC7-8CDA-BE315EA8B4CE (0, 0)
1730297892: Received PUBLISH from auto-C8F4A9E3-2E61-7CC7-8CDA-BE315EA8B4CE (d0, q0, r0, m0, 'tem', ... (4 bytes))
1730297892: Sending PUBLISH to auto-FE1CAEC5-8C79-1C95-1004-2D44762B1BD7 (d0, q0, r0, m0, 'tem', ... (4 bytes))
1730297892: Received DISCONNECT from auto-C8F4A9E3-2E61-7CC7-8CDA-BE315EA8B4CE
1730297892: Client auto-C8F4A9E3-2E61-7CC7-8CDA-BE315EA8B4CE disconnected.
1730297940: mosquitto version 2.0.20 terminating
1730297943: mosquitto version 2.0.20 starting
1730297943: Config loaded from /mosquitto/config/mosquitto.conf.
1730297943: Opening ipv4 listen socket on port 1883.
1730297943: Opening ipv6 listen socket on port 1883.
1730297943: mosquitto version 2.0.20 running
1730297947: New connection from ::1:54950 on port 1883.
1730297947: New client connected from ::1:54950 as auto-1EAF8DA4-55FB-E360-F0C1-B55B3D277F3A (p2, c1, k60).
1730297947: No will message specified.
1730297947: Sending CONNACK to auto-1EAF8DA4-55FB-E360-F0C1-B55B3D277F3A (0, 0)
1730297947: Received PUBLISH from auto-1EAF8DA4-55FB-E360-F0C1-B55B3D277F3A (d0, q0, r0, m0, 'tem', ... (4 bytes))
1730297947: Received DISCONNECT from auto-1EAF8DA4-55FB-E360-F0C1-B55B3D277F3A
1730297947: Client auto-1EAF8DA4-55FB-E360-F0C1-B55B3D277F3A disconnected.
1730297948: New connection from ::1:54952 on port 1883.
1730297948: New connection from ::1:54970 on port 1883.
1730297948: New connection from ::1:54968 on port 1883.
1730297948: New client connected from ::1:54952 as auto-E2F9C5C3-10DA-0944-A0DA-3067422F438A (p2, c1, k60).
1730297948: No will message specified.
1730297948: Sending CONNACK to auto-E2F9C5C3-10DA-0944-A0DA-3067422F438A (0, 0)
1730297948: New client connected from ::1:54970 as auto-0204D59F-4E36-2AA7-4C25-B043545BB167 (p2, c1, k60).
1730297948: No will message specified.
1730297948: Sending CONNACK to auto-0204D59F-4E36-2AA7-4C25-B043545BB167 (0, 0)
1730297948: New client connected from ::1:54968 as auto-5F07CC20-1D1D-A31A-E587-44A6378F0575 (p2, c1, k60).
1730297948: No will message specified.
1730297948: Sending CONNACK to auto-5F07CC20-1D1D-A31A-E587-44A6378F0575 (0, 0)
1730297948: Received SUBSCRIBE from auto-E2F9C5C3-10DA-0944-A0DA-3067422F438A
1730297948: 	hum (QoS 0)
1730297948: auto-E2F9C5C3-10DA-0944-A0DA-3067422F438A 0 hum
1730297948: Sending SUBACK to auto-E2F9C5C3-10DA-0944-A0DA-3067422F438A
1730297948: Received SUBSCRIBE from auto-0204D59F-4E36-2AA7-4C25-B043545BB167
1730297948: 	gas (QoS 0)
1730297948: auto-0204D59F-4E36-2AA7-4C25-B043545BB167 0 gas
1730297948: Sending SUBACK to auto-0204D59F-4E36-2AA7-4C25-B043545BB167
1730297948: New connection from ::1:54988 on port 1883.
1730297948: Received SUBSCRIBE from auto-5F07CC20-1D1D-A31A-E587-44A6378F0575
1730297948: 	tem (QoS 0)
1730297948: auto-5F07CC20-1D1D-A31A-E587-44A6378F0575 0 tem
1730297948: Sending SUBACK to auto-5F07CC20-1D1D-A31A-E587-44A6378F0575
1730297948: New client connected from ::1:54988 as auto-877E4AE1-77B6-432F-E480-2EEAB33A9997 (p2, c1, k60).
1730297948: No will message specified.
1730297948: Sending CONNACK to auto-877E4AE1-77B6-432F-E480-2EEAB33A9997 (0, 0)
1730297948: Received SUBSCRIBE from auto-877E4AE1-77B6-432F-E480-2EEAB33A9997
1730297948: 	lux (QoS 0)
1730297948: auto-877E4AE1-77B6-432F-E480-2EEAB33A9997 0 lux
1730297948: Sending SUBACK to auto-877E4AE1-77B6-432F-E480-2EEAB33A9997
1730297960: New connection from ::1:42240 on port 1883.
1730297960: New client connected from ::1:42240 as auto-881A0055-5D84-E560-4466-B3780CD3626E (p2, c1, k60).
1730297960: No will message specified.
1730297960: Sending CONNACK to auto-881A0055-5D84-E560-4466-B3780CD3626E (0, 0)
1730297960: Received PUBLISH from auto-881A0055-5D84-E560-4466-B3780CD3626E (d0, q0, r0, m0, 'tem', ... (4 bytes))
1730297960: Sending PUBLISH to auto-5F07CC20-1D1D-A31A-E587-44A6378F0575 (d0, q0, r0, m0, 'tem', ... (4 bytes))
1730297960: Received DISCONNECT from auto-881A0055-5D84-E560-4466-B3780CD3626E
1730297960: Client auto-881A0055-5D84-E560-4466-B3780CD3626E disconnected.
1730297998: mosquitto version 2.0.20 terminating
1730298003: mosquitto version 2.0.20 starting
1730298003: Config loaded from /mosquitto/config/mosquitto.conf.
1730298003: Opening ipv4 listen socket on port 1883.
1730298003: Opening ipv6 listen socket on port 1883.
1730298003: mosquitto version 2.0.20 running
1730298004: New connection from ::1:43942 on port 1883.
1730298004: New client connected from ::1:43942 as auto-75CFA699-02BB-E6D4-D4D2-C0C14712D941 (p2, c1, k60).
1730298004: No will message specified.
1730298004: Sending CONNACK to auto-75CFA699-02BB-E6D4-D4D2-C0C14712D941 (0, 0)
1730298004: Received PUBLISH from auto-75CFA699-02BB-E6D4-D4D2-C0C14712D941 (d0, q0, r0, m0, 'tem', ... (4 bytes))
1730298004: Received DISCONNECT from auto-75CFA699-02BB-E6D4-D4D2-C0C14712D941
1730298004: Client auto-75CFA699-02BB-E6D4-D4D2-C0C14712D941 disconnected.
1730298008: New connection from ::1:60228 on port 1883.
1730298008: New connection from ::1:60230 on port 1883.
1730298008: New connection from ::1:60238 on port 1883.
1730298008: New connection from ::1:60242 on port 1883.
1730298008: New client connected from ::1:60228 as auto-6ECB5136-EB24-557E-D518-EFB1AC4E8529 (p2, c1, k60).
1730298008: No will message specified.
1730298008: Sending CONNACK to auto-6ECB5136-EB24-557E-D518-EFB1AC4E8529 (0, 0)
1730298008: New client connected from ::1:60230 as auto-870C2E46-A1A6-5F77-3CE9-B625D4F2C5AD (p2, c1, k60).
1730298008: No will message specified.
1730298008: Sending CONNACK to auto-870C2E46-A1A6-5F77-3CE9-B625D4F2C5AD (0, 0)
1730298008: New client connected from ::1:60238 as auto-6B0D9113-1DF1-CCA5-2B42-3A5C20DBBB48 (p2, c1, k60).
1730298008: No will message specified.
1730298008: Sending CONNACK to auto-6B0D9113-1DF1-CCA5-2B42-3A5C20DBBB48 (0, 0)
1730298008: New client connected from ::1:60242 as auto-72019544-6F44-00E6-5278-369977007A64 (p2, c1, k60).
1730298008: No will message specified.
1730298008: Sending CONNACK to auto-72019544-6F44-00E6-5278-369977007A64 (0, 0)
1730298008: Received SUBSCRIBE from auto-6ECB5136-EB24-557E-D518-EFB1AC4E8529
1730298008: 	tem (QoS 0)
1730298008: auto-6ECB5136-EB24-557E-D518-EFB1AC4E8529 0 tem
1730298008: Sending SUBACK to auto-6ECB5136-EB24-557E-D518-EFB1AC4E8529
1730298008: Received SUBSCRIBE from auto-870C2E46-A1A6-5F77-3CE9-B625D4F2C5AD
1730298008: 	hum (QoS 0)
1730298008: auto-870C2E46-A1A6-5F77-3CE9-B625D4F2C5AD 0 hum
1730298008: Sending SUBACK to auto-870C2E46-A1A6-5F77-3CE9-B625D4F2C5AD
1730298008: Received SUBSCRIBE from auto-6B0D9113-1DF1-CCA5-2B42-3A5C20DBBB48
1730298008: 	lux (QoS 0)
1730298008: auto-6B0D9113-1DF1-CCA5-2B42-3A5C20DBBB48 0 lux
1730298008: Sending SUBACK to auto-6B0D9113-1DF1-CCA5-2B42-3A5C20DBBB48
1730298008: Received SUBSCRIBE from auto-72019544-6F44-00E6-5278-369977007A64
1730298008: 	gas (QoS 0)
1730298008: auto-72019544-6F44-00E6-5278-369977007A64 0 gas
1730298008: Sending SUBACK to auto-72019544-6F44-00E6-5278-369977007A64
1730298028: New connection from ::1:50498 on port 1883.
1730298028: New client connected from ::1:50498 as auto-C8C7D65D-D4BA-9F2C-56AD-535D1E631B73 (p2, c1, k60).
1730298028: No will message specified.
1730298028: Sending CONNACK to auto-C8C7D65D-D4BA-9F2C-56AD-535D1E631B73 (0, 0)
1730298028: Received PUBLISH from auto-C8C7D65D-D4BA-9F2C-56AD-535D1E631B73 (d0, q0, r0, m0, 'tem', ... (4 bytes))
1730298028: Sending PUBLISH to auto-6ECB5136-EB24-557E-D518-EFB1AC4E8529 (d0, q0, r0, m0, 'tem', ... (4 bytes))
1730298028: Received DISCONNECT from auto-C8C7D65D-D4BA-9F2C-56AD-535D1E631B73
1730298028: Client auto-C8C7D65D-D4BA-9F2C-56AD-535D1E631B73 disconnected.
1730298068: Received PINGREQ from auto-870C2E46-A1A6-5F77-3CE9-B625D4F2C5AD
1730298068: Sending PINGRESP to auto-870C2E46-A1A6-5F77-3CE9-B625D4F2C5AD
1730298068: Received PINGREQ from auto-6B0D9113-1DF1-CCA5-2B42-3A5C20DBBB48
1730298068: Sending PINGRESP to auto-6B0D9113-1DF1-CCA5-2B42-3A5C20DBBB48
1730298068: Received PINGREQ from auto-72019544-6F44-00E6-5278-369977007A64
1730298068: Sending PINGRESP to auto-72019544-6F44-00E6-5278-369977007A64
1730298068: Received PINGREQ from auto-6ECB5136-EB24-557E-D518-EFB1AC4E8529
1730298068: Sending PINGRESP to auto-6ECB5136-EB24-557E-D518-EFB1AC4E8529
1730298128: Received PINGREQ from auto-6ECB5136-EB24-557E-D518-EFB1AC4E8529
1730298128: Sending PINGRESP to auto-6ECB5136-EB24-557E-D518-EFB1AC4E8529
1730298128: Received PINGREQ from auto-6B0D9113-1DF1-CCA5-2B42-3A5C20DBBB48
1730298128: Sending PINGRESP to auto-6B0D9113-1DF1-CCA5-2B42-3A5C20DBBB48
1730298128: Received PINGREQ from auto-870C2E46-A1A6-5F77-3CE9-B625D4F2C5AD
1730298128: Sending PINGRESP to auto-870C2E46-A1A6-5F77-3CE9-B625D4F2C5AD
1730298128: Received PINGREQ from auto-72019544-6F44-00E6-5278-369977007A64
1730298128: Sending PINGRESP to auto-72019544-6F44-00E6-5278-369977007A64
1730298188: Received PINGREQ from auto-6ECB5136-EB24-557E-D518-EFB1AC4E8529
1730298188: Sending PINGRESP to auto-6ECB5136-EB24-557E-D518-EFB1AC4E8529
1730298189: Received PINGREQ from auto-6B0D9113-1DF1-CCA5-2B42-3A5C20DBBB48
1730298189: Sending PINGRESP to auto-6B0D9113-1DF1-CCA5-2B42-3A5C20DBBB48
1730298189: Received PINGREQ from auto-870C2E46-A1A6-5F77-3CE9-B625D4F2C5AD
1730298189: Sending PINGRESP to auto-870C2E46-A1A6-5F77-3CE9-B625D4F2C5AD
1730298189: Received PINGREQ from auto-72019544-6F44-00E6-5278-369977007A64
1730298189: Sending PINGRESP to auto-72019544-6F44-00E6-5278-369977007A64
1730298248: Received PINGREQ from auto-6B0D9113-1DF1-CCA5-2B42-3A5C20DBBB48
1730298248: Sending PINGRESP to auto-6B0D9113-1DF1-CCA5-2B42-3A5C20DBBB48
1730298248: Received PINGREQ from auto-72019544-6F44-00E6-5278-369977007A64
1730298248: Sending PINGRESP to auto-72019544-6F44-00E6-5278-369977007A64
1730298248: Received PINGREQ from auto-870C2E46-A1A6-5F77-3CE9-B625D4F2C5AD
1730298248: Sending PINGRESP to auto-870C2E46-A1A6-5F77-3CE9-B625D4F2C5AD
1730298248: Received PINGREQ from auto-6ECB5136-EB24-557E-D518-EFB1AC4E8529
1730298248: Sending PINGRESP to auto-6ECB5136-EB24-557E-D518-EFB1AC4E8529
1730298308: Received PINGREQ from auto-6B0D9113-1DF1-CCA5-2B42-3A5C20DBBB48
1730298308: Sending PINGRESP to auto-6B0D9113-1DF1-CCA5-2B42-3A5C20DBBB48
1730298308: Received PINGREQ from auto-72019544-6F44-00E6-5278-369977007A64
1730298308: Sending PINGRESP to auto-72019544-6F44-00E6-5278-369977007A64
1730298308: Received PINGREQ from auto-870C2E46-A1A6-5F77-3CE9-B625D4F2C5AD
1730298308: Sending PINGRESP to auto-870C2E46-A1A6-5F77-3CE9-B625D4F2C5AD
1730298309: Received PINGREQ from auto-6ECB5136-EB24-557E-D518-EFB1AC4E8529
1730298309: Sending PINGRESP to auto-6ECB5136-EB24-557E-D518-EFB1AC4E8529
1730298368: Received PINGREQ from auto-6ECB5136-EB24-557E-D518-EFB1AC4E8529
1730298368: Sending PINGRESP to auto-6ECB5136-EB24-557E-D518-EFB1AC4E8529
1730298368: Received PINGREQ from auto-6B0D9113-1DF1-CCA5-2B42-3A5C20DBBB48
1730298368: Sending PINGRESP to auto-6B0D9113-1DF1-CCA5-2B42-3A5C20DBBB48
1730298369: Received PINGREQ from auto-72019544-6F44-00E6-5278-369977007A64
1730298369: Sending PINGRESP to auto-72019544-6F44-00E6-5278-369977007A64
1730298369: Received PINGREQ from auto-870C2E46-A1A6-5F77-3CE9-B625D4F2C5AD
1730298369: Sending PINGRESP to auto-870C2E46-A1A6-5F77-3CE9-B625D4F2C5AD
1730298428: Received PINGREQ from auto-6B0D9113-1DF1-CCA5-2B42-3A5C20DBBB48
1730298428: Sending PINGRESP to auto-6B0D9113-1DF1-CCA5-2B42-3A5C20DBBB48
1730298428: Received PINGREQ from auto-72019544-6F44-00E6-5278-369977007A64
1730298428: Sending PINGRESP to auto-72019544-6F44-00E6-5278-369977007A64
1730298428: Received PINGREQ from auto-870C2E46-A1A6-5F77-3CE9-B625D4F2C5AD
1730298428: Sending PINGRESP to auto-870C2E46-A1A6-5F77-3CE9-B625D4F2C5AD
1730298428: Received PINGREQ from auto-6ECB5136-EB24-557E-D518-EFB1AC4E8529
1730298428: Sending PINGRESP to auto-6ECB5136-EB24-557E-D518-EFB1AC4E8529
1730298488: Received PINGREQ from auto-6B0D9113-1DF1-CCA5-2B42-3A5C20DBBB48
1730298488: Sending PINGRESP to auto-6B0D9113-1DF1-CCA5-2B42-3A5C20DBBB48
1730298488: Received PINGREQ from auto-72019544-6F44-00E6-5278-369977007A64
1730298488: Sending PINGRESP to auto-72019544-6F44-00E6-5278-369977007A64
1730298488: Received PINGREQ from auto-870C2E46-A1A6-5F77-3CE9-B625D4F2C5AD
1730298488: Sending PINGRESP to auto-870C2E46-A1A6-5F77-3CE9-B625D4F2C5AD
1730298489: Received PINGREQ from auto-6ECB5136-EB24-557E-D518-EFB1AC4E8529
1730298489: Sending PINGRESP to auto-6ECB5136-EB24-557E-D518-EFB1AC4E8529
1730298548: Received PINGREQ from auto-6ECB5136-EB24-557E-D518-EFB1AC4E8529
1730298548: Sending PINGRESP to auto-6ECB5136-EB24-557E-D518-EFB1AC4E8529
1730298548: Received PINGREQ from auto-6B0D9113-1DF1-CCA5-2B42-3A5C20DBBB48
1730298548: Sending PINGRESP to auto-6B0D9113-1DF1-CCA5-2B42-3A5C20DBBB48
1730298548: Received PINGREQ from auto-72019544-6F44-00E6-5278-369977007A64
1730298548: Sending PINGRESP to auto-72019544-6F44-00E6-5278-369977007A64
1730298549: Received PINGREQ from auto-870C2E46-A1A6-5F77-3CE9-B625D4F2C5AD
1730298549: Sending PINGRESP to auto-870C2E46-A1A6-5F77-3CE9-B625D4F2C5AD
1730298608: Received PINGREQ from auto-72019544-6F44-00E6-5278-369977007A64
1730298608: Sending PINGRESP to auto-72019544-6F44-00E6-5278-369977007A64
1730298608: Received PINGREQ from auto-870C2E46-A1A6-5F77-3CE9-B625D4F2C5AD
1730298608: Sending PINGRESP to auto-870C2E46-A1A6-5F77-3CE9-B625D4F2C5AD
1730298608: Received PINGREQ from auto-6ECB5136-EB24-557E-D518-EFB1AC4E8529
1730298608: Sending PINGRESP to auto-6ECB5136-EB24-557E-D518-EFB1AC4E8529
1730298609: Received PINGREQ from auto-6B0D9113-1DF1-CCA5-2B42-3A5C20DBBB48
1730298609: Sending PINGRESP to auto-6B0D9113-1DF1-CCA5-2B42-3A5C20DBBB48
1730298668: Received PINGREQ from auto-6B0D9113-1DF1-CCA5-2B42-3A5C20DBBB48
1730298668: Sending PINGRESP to auto-6B0D9113-1DF1-CCA5-2B42-3A5C20DBBB48
1730298668: Received PINGREQ from auto-72019544-6F44-00E6-5278-369977007A64
1730298668: Sending PINGRESP to auto-72019544-6F44-00E6-5278-369977007A64
1730298668: Received PINGREQ from auto-870C2E46-A1A6-5F77-3CE9-B625D4F2C5AD
1730298668: Sending PINGRESP to auto-870C2E46-A1A6-5F77-3CE9-B625D4F2C5AD
1730298669: Received PINGREQ from auto-6ECB5136-EB24-557E-D518-EFB1AC4E8529
1730298669: Sending PINGRESP to auto-6ECB5136-EB24-557E-D518-EFB1AC4E8529
1730298728: Received PINGREQ from auto-6ECB5136-EB24-557E-D518-EFB1AC4E8529
1730298728: Sending PINGRESP to auto-6ECB5136-EB24-557E-D518-EFB1AC4E8529
1730298728: Received PINGREQ from auto-6B0D9113-1DF1-CCA5-2B42-3A5C20DBBB48
1730298728: Sending PINGRESP to auto-6B0D9113-1DF1-CCA5-2B42-3A5C20DBBB48
1730298728: Received PINGREQ from auto-72019544-6F44-00E6-5278-369977007A64
1730298728: Sending PINGRESP to auto-72019544-6F44-00E6-5278-369977007A64
1730298728: Received PINGREQ from auto-870C2E46-A1A6-5F77-3CE9-B625D4F2C5AD
1730298728: Sending PINGRESP to auto-870C2E46-A1A6-5F77-3CE9-B625D4F2C5AD
1730298788: Received PINGREQ from auto-870C2E46-A1A6-5F77-3CE9-B625D4F2C5AD
1730298788: Sending PINGRESP to auto-870C2E46-A1A6-5F77-3CE9-B625D4F2C5AD
1730298788: Received PINGREQ from auto-72019544-6F44-00E6-5278-369977007A64
1730298788: Sending PINGRESP to auto-72019544-6F44-00E6-5278-369977007A64
1730298788: Received PINGREQ from auto-6ECB5136-EB24-557E-D518-EFB1AC4E8529
1730298788: Sending PINGRESP to auto-6ECB5136-EB24-557E-D518-EFB1AC4E8529
1730298789: Received PINGREQ from auto-6B0D9113-1DF1-CCA5-2B42-3A5C20DBBB48
1730298789: Sending PINGRESP to auto-6B0D9113-1DF1-CCA5-2B42-3A5C20DBBB48
1730298848: Received PINGREQ from auto-6ECB5136-EB24-557E-D518-EFB1AC4E8529
1730298848: Sending PINGRESP to auto-6ECB5136-EB24-557E-D518-EFB1AC4E8529
1730298848: Received PINGREQ from auto-6B0D9113-1DF1-CCA5-2B42-3A5C20DBBB48
1730298848: Sending PINGRESP to auto-6B0D9113-1DF1-CCA5-2B42-3A5C20DBBB48
1730298848: Received PINGREQ from auto-870C2E46-A1A6-5F77-3CE9-B625D4F2C5AD
1730298848: Sending PINGRESP to auto-870C2E46-A1A6-5F77-3CE9-B625D4F2C5AD
1730298848: Received PINGREQ from auto-72019544-6F44-00E6-5278-369977007A64
1730298848: Sending PINGRESP to auto-72019544-6F44-00E6-5278-369977007A64
1730298908: Received PINGREQ from auto-72019544-6F44-00E6-5278-369977007A64
1730298908: Sending PINGRESP to auto-72019544-6F44-00E6-5278-369977007A64
1730298908: Received PINGREQ from auto-6ECB5136-EB24-557E-D518-EFB1AC4E8529
1730298908: Sending PINGRESP to auto-6ECB5136-EB24-557E-D518-EFB1AC4E8529
1730298909: Received PINGREQ from auto-6B0D9113-1DF1-CCA5-2B42-3A5C20DBBB48
1730298909: Sending PINGRESP to auto-6B0D9113-1DF1-CCA5-2B42-3A5C20DBBB48
1730298909: Received PINGREQ from auto-870C2E46-A1A6-5F77-3CE9-B625D4F2C5AD
1730298909: Sending PINGRESP to auto-870C2E46-A1A6-5F77-3CE9-B625D4F2C5AD
1730298968: Received PINGREQ from auto-6B0D9113-1DF1-CCA5-2B42-3A5C20DBBB48
1730298968: Sending PINGRESP to auto-6B0D9113-1DF1-CCA5-2B42-3A5C20DBBB48
1730298968: Received PINGREQ from auto-870C2E46-A1A6-5F77-3CE9-B625D4F2C5AD
1730298968: Sending PINGRESP to auto-870C2E46-A1A6-5F77-3CE9-B625D4F2C5AD
1730298968: Received PINGREQ from auto-72019544-6F44-00E6-5278-369977007A64
1730298968: Sending PINGRESP to auto-72019544-6F44-00E6-5278-369977007A64
1730298969: Received PINGREQ from auto-6ECB5136-EB24-557E-D518-EFB1AC4E8529
1730298969: Sending PINGRESP to auto-6ECB5136-EB24-557E-D518-EFB1AC4E8529
1730299028: Received PINGREQ from auto-72019544-6F44-00E6-5278-369977007A64
1730299028: Sending PINGRESP to auto-72019544-6F44-00E6-5278-369977007A64
1730299028: Received PINGREQ from auto-6ECB5136-EB24-557E-D518-EFB1AC4E8529
1730299028: Sending PINGRESP to auto-6ECB5136-EB24-557E-D518-EFB1AC4E8529
1730299029: Received PINGREQ from auto-6B0D9113-1DF1-CCA5-2B42-3A5C20DBBB48
1730299029: Sending PINGRESP to auto-6B0D9113-1DF1-CCA5-2B42-3A5C20DBBB48
1730299029: Received PINGREQ from auto-870C2E46-A1A6-5F77-3CE9-B625D4F2C5AD
1730299029: Sending PINGRESP to auto-870C2E46-A1A6-5F77-3CE9-B625D4F2C5AD
1730299088: Received PINGREQ from auto-6B0D9113-1DF1-CCA5-2B42-3A5C20DBBB48
1730299088: Sending PINGRESP to auto-6B0D9113-1DF1-CCA5-2B42-3A5C20DBBB48
1730299088: Received PINGREQ from auto-870C2E46-A1A6-5F77-3CE9-B625D4F2C5AD
1730299088: Sending PINGRESP to auto-870C2E46-A1A6-5F77-3CE9-B625D4F2C5AD
1730299088: Received PINGREQ from auto-72019544-6F44-00E6-5278-369977007A64
1730299088: Sending PINGRESP to auto-72019544-6F44-00E6-5278-369977007A64
1730299089: Received PINGREQ from auto-6ECB5136-EB24-557E-D518-EFB1AC4E8529
1730299089: Sending PINGRESP to auto-6ECB5136-EB24-557E-D518-EFB1AC4E8529
1730299148: Received PINGREQ from auto-6ECB5136-EB24-557E-D518-EFB1AC4E8529
1730299148: Sending PINGRESP to auto-6ECB5136-EB24-557E-D518-EFB1AC4E8529
1730299148: Received PINGREQ from auto-6B0D9113-1DF1-CCA5-2B42-3A5C20DBBB48
1730299148: Sending PINGRESP to auto-6B0D9113-1DF1-CCA5-2B42-3A5C20DBBB48
1730299148: Received PINGREQ from auto-870C2E46-A1A6-5F77-3CE9-B625D4F2C5AD
1730299148: Sending PINGRESP to auto-870C2E46-A1A6-5F77-3CE9-B625D4F2C5AD
1730299148: Received PINGREQ from auto-72019544-6F44-00E6-5278-369977007A64
1730299148: Sending PINGRESP to auto-72019544-6F44-00E6-5278-369977007A64
1730299208: Received PINGREQ from auto-6ECB5136-EB24-557E-D518-EFB1AC4E8529
1730299208: Sending PINGRESP to auto-6ECB5136-EB24-557E-D518-EFB1AC4E8529
1730299208: Received PINGREQ from auto-6B0D9113-1DF1-CCA5-2B42-3A5C20DBBB48
1730299208: Sending PINGRESP to auto-6B0D9113-1DF1-CCA5-2B42-3A5C20DBBB48
1730299209: Received PINGREQ from auto-72019544-6F44-00E6-5278-369977007A64
1730299209: Sending PINGRESP to auto-72019544-6F44-00E6-5278-369977007A64
1730299209: Received PINGREQ from auto-870C2E46-A1A6-5F77-3CE9-B625D4F2C5AD
1730299209: Sending PINGRESP to auto-870C2E46-A1A6-5F77-3CE9-B625D4F2C5AD
1730299268: Received PINGREQ from auto-6B0D9113-1DF1-CCA5-2B42-3A5C20DBBB48
1730299268: Sending PINGRESP to auto-6B0D9113-1DF1-CCA5-2B42-3A5C20DBBB48
1730299268: Received PINGREQ from auto-72019544-6F44-00E6-5278-369977007A64
1730299268: Sending PINGRESP to auto-72019544-6F44-00E6-5278-369977007A64
1730299268: Received PINGREQ from auto-870C2E46-A1A6-5F77-3CE9-B625D4F2C5AD
1730299268: Sending PINGRESP to auto-870C2E46-A1A6-5F77-3CE9-B625D4F2C5AD
1730299268: Received PINGREQ from auto-6ECB5136-EB24-557E-D518-EFB1AC4E8529
1730299268: Sending PINGRESP to auto-6ECB5136-EB24-557E-D518-EFB1AC4E8529
1730299328: Received PINGREQ from auto-6ECB5136-EB24-557E-D518-EFB1AC4E8529
1730299328: Sending PINGRESP to auto-6ECB5136-EB24-557E-D518-EFB1AC4E8529
1730299328: Received PINGREQ from auto-6B0D9113-1DF1-CCA5-2B42-3A5C20DBBB48
1730299328: Sending PINGRESP to auto-6B0D9113-1DF1-CCA5-2B42-3A5C20DBBB48
1730299328: Received PINGREQ from auto-72019544-6F44-00E6-5278-369977007A64
1730299328: Sending PINGRESP to auto-72019544-6F44-00E6-5278-369977007A64
1730299328: Received PINGREQ from auto-870C2E46-A1A6-5F77-3CE9-B625D4F2C5AD
1730299328: Sending PINGRESP to auto-870C2E46-A1A6-5F77-3CE9-B625D4F2C5AD
1730299388: Received PINGREQ from auto-6ECB5136-EB24-557E-D518-EFB1AC4E8529
1730299388: Sending PINGRESP to auto-6ECB5136-EB24-557E-D518-EFB1AC4E8529
1730299388: Received PINGREQ from auto-6B0D9113-1DF1-CCA5-2B42-3A5C20DBBB48
1730299388: Sending PINGRESP to auto-6B0D9113-1DF1-CCA5-2B42-3A5C20DBBB48
1730299388: Received PINGREQ from auto-72019544-6F44-00E6-5278-369977007A64
1730299388: Sending PINGRESP to auto-72019544-6F44-00E6-5278-369977007A64
1730299388: Received PINGREQ from auto-870C2E46-A1A6-5F77-3CE9-B625D4F2C5AD
1730299388: Sending PINGRESP to auto-870C2E46-A1A6-5F77-3CE9-B625D4F2C5AD
1730299448: Received PINGREQ from auto-870C2E46-A1A6-5F77-3CE9-B625D4F2C5AD
1730299448: Sending PINGRESP to auto-870C2E46-A1A6-5F77-3CE9-B625D4F2C5AD
1730299448: Received PINGREQ from auto-6ECB5136-EB24-557E-D518-EFB1AC4E8529
1730299448: Sending PINGRESP to auto-6ECB5136-EB24-557E-D518-EFB1AC4E8529
1730299449: Received PINGREQ from auto-72019544-6F44-00E6-5278-369977007A64
1730299449: Sending PINGRESP to auto-72019544-6F44-00E6-5278-369977007A64
1730299449: Received PINGREQ from auto-6B0D9113-1DF1-CCA5-2B42-3A5C20DBBB48
1730299449: Sending PINGRESP to auto-6B0D9113-1DF1-CCA5-2B42-3A5C20DBBB48
1730299508: Received PINGREQ from auto-6ECB5136-EB24-557E-D518-EFB1AC4E8529
1730299508: Sending PINGRESP to auto-6ECB5136-EB24-557E-D518-EFB1AC4E8529
1730299508: Received PINGREQ from auto-6B0D9113-1DF1-CCA5-2B42-3A5C20DBBB48
1730299508: Sending PINGRESP to auto-6B0D9113-1DF1-CCA5-2B42-3A5C20DBBB48
1730299508: Received PINGREQ from auto-72019544-6F44-00E6-5278-369977007A64
1730299508: Sending PINGRESP to auto-72019544-6F44-00E6-5278-369977007A64
1730299508: Received PINGREQ from auto-870C2E46-A1A6-5F77-3CE9-B625D4F2C5AD
1730299508: Sending PINGRESP to auto-870C2E46-A1A6-5F77-3CE9-B625D4F2C5AD
1730299568: Received PINGREQ from auto-6ECB5136-EB24-557E-D518-EFB1AC4E8529
1730299568: Sending PINGRESP to auto-6ECB5136-EB24-557E-D518-EFB1AC4E8529
1730299568: Received PINGREQ from auto-6B0D9113-1DF1-CCA5-2B42-3A5C20DBBB48
1730299568: Sending PINGRESP to auto-6B0D9113-1DF1-CCA5-2B42-3A5C20DBBB48
1730299568: Received PINGREQ from auto-72019544-6F44-00E6-5278-369977007A64
1730299568: Sending PINGRESP to auto-72019544-6F44-00E6-5278-369977007A64
1730299569: Received PINGREQ from auto-870C2E46-A1A6-5F77-3CE9-B625D4F2C5AD
1730299569: Sending PINGRESP to auto-870C2E46-A1A6-5F77-3CE9-B625D4F2C5AD
1730299628: Received PINGREQ from auto-870C2E46-A1A6-5F77-3CE9-B625D4F2C5AD
1730299628: Sending PINGRESP to auto-870C2E46-A1A6-5F77-3CE9-B625D4F2C5AD
1730299629: Received PINGREQ from auto-6ECB5136-EB24-557E-D518-EFB1AC4E8529
1730299629: Sending PINGRESP to auto-6ECB5136-EB24-557E-D518-EFB1AC4E8529
1730299629: Received PINGREQ from auto-6B0D9113-1DF1-CCA5-2B42-3A5C20DBBB48
1730299629: Sending PINGRESP to auto-6B0D9113-1DF1-CCA5-2B42-3A5C20DBBB48
1730299629: Received PINGREQ from auto-72019544-6F44-00E6-5278-369977007A64
1730299629: Sending PINGRESP to auto-72019544-6F44-00E6-5278-369977007A64
1730299688: Received PINGREQ from auto-6ECB5136-EB24-557E-D518-EFB1AC4E8529
1730299688: Sending PINGRESP to auto-6ECB5136-EB24-557E-D518-EFB1AC4E8529
1730299688: Received PINGREQ from auto-6B0D9113-1DF1-CCA5-2B42-3A5C20DBBB48
1730299688: Sending PINGRESP to auto-6B0D9113-1DF1-CCA5-2B42-3A5C20DBBB48
1730299688: Received PINGREQ from auto-72019544-6F44-00E6-5278-369977007A64
1730299688: Sending PINGRESP to auto-72019544-6F44-00E6-5278-369977007A64
1730299688: Received PINGREQ from auto-870C2E46-A1A6-5F77-3CE9-B625D4F2C5AD
1730299688: Sending PINGRESP to auto-870C2E46-A1A6-5F77-3CE9-B625D4F2C5AD
1730299748: Received PINGREQ from auto-6ECB5136-EB24-557E-D518-EFB1AC4E8529
1730299748: Sending PINGRESP to auto-6ECB5136-EB24-557E-D518-EFB1AC4E8529
1730299748: Received PINGREQ from auto-6B0D9113-1DF1-CCA5-2B42-3A5C20DBBB48
1730299748: Sending PINGRESP to auto-6B0D9113-1DF1-CCA5-2B42-3A5C20DBBB48
1730299748: Received PINGREQ from auto-72019544-6F44-00E6-5278-369977007A64
1730299748: Sending PINGRESP to auto-72019544-6F44-00E6-5278-369977007A64
1730299748: Received PINGREQ from auto-870C2E46-A1A6-5F77-3CE9-B625D4F2C5AD
1730299748: Sending PINGRESP to auto-870C2E46-A1A6-5F77-3CE9-B625D4F2C5AD
1730299808: Received PINGREQ from auto-6ECB5136-EB24-557E-D518-EFB1AC4E8529
1730299808: Sending PINGRESP to auto-6ECB5136-EB24-557E-D518-EFB1AC4E8529
1730299809: Received PINGREQ from auto-6B0D9113-1DF1-CCA5-2B42-3A5C20DBBB48
1730299809: Sending PINGRESP to auto-6B0D9113-1DF1-CCA5-2B42-3A5C20DBBB48
1730299809: Received PINGREQ from auto-72019544-6F44-00E6-5278-369977007A64
1730299809: Sending PINGRESP to auto-72019544-6F44-00E6-5278-369977007A64
1730299809: Received PINGREQ from auto-870C2E46-A1A6-5F77-3CE9-B625D4F2C5AD
1730299809: Sending PINGRESP to auto-870C2E46-A1A6-5F77-3CE9-B625D4F2C5AD
1730299868: Received PINGREQ from auto-6B0D9113-1DF1-CCA5-2B42-3A5C20DBBB48
1730299868: Sending PINGRESP to auto-6B0D9113-1DF1-CCA5-2B42-3A5C20DBBB48
1730299868: Received PINGREQ from auto-72019544-6F44-00E6-5278-369977007A64
1730299868: Sending PINGRESP to auto-72019544-6F44-00E6-5278-369977007A64
1730299868: Received PINGREQ from auto-870C2E46-A1A6-5F77-3CE9-B625D4F2C5AD
1730299868: Sending PINGRESP to auto-870C2E46-A1A6-5F77-3CE9-B625D4F2C5AD
1730299869: Received PINGREQ from auto-6ECB5136-EB24-557E-D518-EFB1AC4E8529
1730299869: Sending PINGRESP to auto-6ECB5136-EB24-557E-D518-EFB1AC4E8529
1730299928: Received PINGREQ from auto-6ECB5136-EB24-557E-D518-EFB1AC4E8529
1730299928: Sending PINGRESP to auto-6ECB5136-EB24-557E-D518-EFB1AC4E8529
1730299928: Received PINGREQ from auto-6B0D9113-1DF1-CCA5-2B42-3A5C20DBBB48
1730299928: Sending PINGRESP to auto-6B0D9113-1DF1-CCA5-2B42-3A5C20DBBB48
1730299928: Received PINGREQ from auto-72019544-6F44-00E6-5278-369977007A64
1730299928: Sending PINGRESP to auto-72019544-6F44-00E6-5278-369977007A64
1730299928: Received PINGREQ from auto-870C2E46-A1A6-5F77-3CE9-B625D4F2C5AD
1730299928: Sending PINGRESP to auto-870C2E46-A1A6-5F77-3CE9-B625D4F2C5AD
1730299988: Received PINGREQ from auto-6ECB5136-EB24-557E-D518-EFB1AC4E8529
1730299988: Sending PINGRESP to auto-6ECB5136-EB24-557E-D518-EFB1AC4E8529
1730299988: Received PINGREQ from auto-6B0D9113-1DF1-CCA5-2B42-3A5C20DBBB48
1730299988: Sending PINGRESP to auto-6B0D9113-1DF1-CCA5-2B42-3A5C20DBBB48
1730299988: Received PINGREQ from auto-72019544-6F44-00E6-5278-369977007A64
1730299988: Sending PINGRESP to auto-72019544-6F44-00E6-5278-369977007A64
1730299989: Received PINGREQ from auto-870C2E46-A1A6-5F77-3CE9-B625D4F2C5AD
1730299989: Sending PINGRESP to auto-870C2E46-A1A6-5F77-3CE9-B625D4F2C5AD
1730300048: Received PINGREQ from auto-6B0D9113-1DF1-CCA5-2B42-3A5C20DBBB48
1730300048: Sending PINGRESP to auto-6B0D9113-1DF1-CCA5-2B42-3A5C20DBBB48
1730300048: Received PINGREQ from auto-72019544-6F44-00E6-5278-369977007A64
1730300048: Sending PINGRESP to auto-72019544-6F44-00E6-5278-369977007A64
1730300048: Received PINGREQ from auto-870C2E46-A1A6-5F77-3CE9-B625D4F2C5AD
1730300048: Sending PINGRESP to auto-870C2E46-A1A6-5F77-3CE9-B625D4F2C5AD
1730300049: Received PINGREQ from auto-6ECB5136-EB24-557E-D518-EFB1AC4E8529
1730300049: Sending PINGRESP to auto-6ECB5136-EB24-557E-D518-EFB1AC4E8529
1730300108: Received PINGREQ from auto-6ECB5136-EB24-557E-D518-EFB1AC4E8529
1730300108: Sending PINGRESP to auto-6ECB5136-EB24-557E-D518-EFB1AC4E8529
1730300108: Received PINGREQ from auto-6B0D9113-1DF1-CCA5-2B42-3A5C20DBBB48
1730300108: Sending PINGRESP to auto-6B0D9113-1DF1-CCA5-2B42-3A5C20DBBB48
1730300108: Received PINGREQ from auto-72019544-6F44-00E6-5278-369977007A64
1730300108: Sending PINGRESP to auto-72019544-6F44-00E6-5278-369977007A64
1730300108: Received PINGREQ from auto-870C2E46-A1A6-5F77-3CE9-B625D4F2C5AD
1730300108: Sending PINGRESP to auto-870C2E46-A1A6-5F77-3CE9-B625D4F2C5AD
1730300168: Received PINGREQ from auto-6ECB5136-EB24-557E-D518-EFB1AC4E8529
1730300168: Sending PINGRESP to auto-6ECB5136-EB24-557E-D518-EFB1AC4E8529
1730300168: Received PINGREQ from auto-6B0D9113-1DF1-CCA5-2B42-3A5C20DBBB48
1730300168: Sending PINGRESP to auto-6B0D9113-1DF1-CCA5-2B42-3A5C20DBBB48
1730300168: Received PINGREQ from auto-72019544-6F44-00E6-5278-369977007A64
1730300168: Sending PINGRESP to auto-72019544-6F44-00E6-5278-369977007A64
1730300168: Received PINGREQ from auto-870C2E46-A1A6-5F77-3CE9-B625D4F2C5AD
1730300168: Sending PINGRESP to auto-870C2E46-A1A6-5F77-3CE9-B625D4F2C5AD
1730300228: Received PINGREQ from auto-870C2E46-A1A6-5F77-3CE9-B625D4F2C5AD
1730300228: Sending PINGRESP to auto-870C2E46-A1A6-5F77-3CE9-B625D4F2C5AD
1730300228: Received PINGREQ from auto-6ECB5136-EB24-557E-D518-EFB1AC4E8529
1730300228: Sending PINGRESP to auto-6ECB5136-EB24-557E-D518-EFB1AC4E8529
1730300229: Received PINGREQ from auto-6B0D9113-1DF1-CCA5-2B42-3A5C20DBBB48
1730300229: Sending PINGRESP to auto-6B0D9113-1DF1-CCA5-2B42-3A5C20DBBB48
1730300229: Received PINGREQ from auto-72019544-6F44-00E6-5278-369977007A64
1730300229: Sending PINGRESP to auto-72019544-6F44-00E6-5278-369977007A64
1730300288: Received PINGREQ from auto-6B0D9113-1DF1-CCA5-2B42-3A5C20DBBB48
1730300288: Sending PINGRESP to auto-6B0D9113-1DF1-CCA5-2B42-3A5C20DBBB48
1730300288: Received PINGREQ from auto-72019544-6F44-00E6-5278-369977007A64
1730300288: Sending PINGRESP to auto-72019544-6F44-00E6-5278-369977007A64
1730300288: Received PINGREQ from auto-870C2E46-A1A6-5F77-3CE9-B625D4F2C5AD
1730300288: Sending PINGRESP to auto-870C2E46-A1A6-5F77-3CE9-B625D4F2C5AD
1730300289: Received PINGREQ from auto-6ECB5136-EB24-557E-D518-EFB1AC4E8529
1730300289: Sending PINGRESP to auto-6ECB5136-EB24-557E-D518-EFB1AC4E8529
1730300348: Received PINGREQ from auto-6ECB5136-EB24-557E-D518-EFB1AC4E8529
1730300348: Sending PINGRESP to auto-6ECB5136-EB24-557E-D518-EFB1AC4E8529
1730300348: Received PINGREQ from auto-72019544-6F44-00E6-5278-369977007A64
1730300348: Sending PINGRESP to auto-72019544-6F44-00E6-5278-369977007A64
1730300348: Received PINGREQ from auto-6B0D9113-1DF1-CCA5-2B42-3A5C20DBBB48
1730300348: Sending PINGRESP to auto-6B0D9113-1DF1-CCA5-2B42-3A5C20DBBB48
1730300348: Received PINGREQ from auto-870C2E46-A1A6-5F77-3CE9-B625D4F2C5AD
1730300348: Sending PINGRESP to auto-870C2E46-A1A6-5F77-3CE9-B625D4F2C5AD
1730300408: Received PINGREQ from auto-6ECB5136-EB24-557E-D518-EFB1AC4E8529
1730300408: Sending PINGRESP to auto-6ECB5136-EB24-557E-D518-EFB1AC4E8529
1730300409: Received PINGREQ from auto-72019544-6F44-00E6-5278-369977007A64
1730300409: Sending PINGRESP to auto-72019544-6F44-00E6-5278-369977007A64
1730300409: Received PINGREQ from auto-6B0D9113-1DF1-CCA5-2B42-3A5C20DBBB48
1730300409: Sending PINGRESP to auto-6B0D9113-1DF1-CCA5-2B42-3A5C20DBBB48
1730300409: Received PINGREQ from auto-870C2E46-A1A6-5F77-3CE9-B625D4F2C5AD
1730300409: Sending PINGRESP to auto-870C2E46-A1A6-5F77-3CE9-B625D4F2C5AD
1730300468: Received PINGREQ from auto-72019544-6F44-00E6-5278-369977007A64
1730300468: Sending PINGRESP to auto-72019544-6F44-00E6-5278-369977007A64
1730300468: Received PINGREQ from auto-6B0D9113-1DF1-CCA5-2B42-3A5C20DBBB48
1730300468: Sending PINGRESP to auto-6B0D9113-1DF1-CCA5-2B42-3A5C20DBBB48
1730300468: Received PINGREQ from auto-870C2E46-A1A6-5F77-3CE9-B625D4F2C5AD
1730300468: Sending PINGRESP to auto-870C2E46-A1A6-5F77-3CE9-B625D4F2C5AD
1730300469: Received PINGREQ from auto-6ECB5136-EB24-557E-D518-EFB1AC4E8529
1730300469: Sending PINGRESP to auto-6ECB5136-EB24-557E-D518-EFB1AC4E8529
1730300528: Received PINGREQ from auto-6ECB5136-EB24-557E-D518-EFB1AC4E8529
1730300528: Sending PINGRESP to auto-6ECB5136-EB24-557E-D518-EFB1AC4E8529
1730300528: Received PINGREQ from auto-72019544-6F44-00E6-5278-369977007A64
1730300528: Sending PINGRESP to auto-72019544-6F44-00E6-5278-369977007A64
1730300528: Received PINGREQ from auto-6B0D9113-1DF1-CCA5-2B42-3A5C20DBBB48
1730300528: Sending PINGRESP to auto-6B0D9113-1DF1-CCA5-2B42-3A5C20DBBB48
1730300528: Received PINGREQ from auto-870C2E46-A1A6-5F77-3CE9-B625D4F2C5AD
1730300528: Sending PINGRESP to auto-870C2E46-A1A6-5F77-3CE9-B625D4F2C5AD
1730300588: Received PINGREQ from auto-6ECB5136-EB24-557E-D518-EFB1AC4E8529
1730300588: Sending PINGRESP to auto-6ECB5136-EB24-557E-D518-EFB1AC4E8529
1730300588: Received PINGREQ from auto-72019544-6F44-00E6-5278-369977007A64
1730300588: Sending PINGRESP to auto-72019544-6F44-00E6-5278-369977007A64
1730300589: Received PINGREQ from auto-6B0D9113-1DF1-CCA5-2B42-3A5C20DBBB48
1730300589: Sending PINGRESP to auto-6B0D9113-1DF1-CCA5-2B42-3A5C20DBBB48
1730300589: Received PINGREQ from auto-870C2E46-A1A6-5F77-3CE9-B625D4F2C5AD
1730300589: Sending PINGRESP to auto-870C2E46-A1A6-5F77-3CE9-B625D4F2C5AD
1730300648: Received PINGREQ from auto-6B0D9113-1DF1-CCA5-2B42-3A5C20DBBB48
1730300648: Sending PINGRESP to auto-6B0D9113-1DF1-CCA5-2B42-3A5C20DBBB48
1730300648: Received PINGREQ from auto-870C2E46-A1A6-5F77-3CE9-B625D4F2C5AD
1730300648: Sending PINGRESP to auto-870C2E46-A1A6-5F77-3CE9-B625D4F2C5AD
1730300648: Received PINGREQ from auto-6ECB5136-EB24-557E-D518-EFB1AC4E8529
1730300648: Sending PINGRESP to auto-6ECB5136-EB24-557E-D518-EFB1AC4E8529
1730300649: Received PINGREQ from auto-72019544-6F44-00E6-5278-369977007A64
1730300649: Sending PINGRESP to auto-72019544-6F44-00E6-5278-369977007A64
1730300708: Received PINGREQ from auto-6ECB5136-EB24-557E-D518-EFB1AC4E8529
1730300708: Sending PINGRESP to auto-6ECB5136-EB24-557E-D518-EFB1AC4E8529
1730300708: Received PINGREQ from auto-72019544-6F44-00E6-5278-369977007A64
1730300708: Sending PINGRESP to auto-72019544-6F44-00E6-5278-369977007A64
1730300708: Received PINGREQ from auto-6B0D9113-1DF1-CCA5-2B42-3A5C20DBBB48
1730300708: Sending PINGRESP to auto-6B0D9113-1DF1-CCA5-2B42-3A5C20DBBB48
1730300708: Received PINGREQ from auto-870C2E46-A1A6-5F77-3CE9-B625D4F2C5AD
1730300708: Sending PINGRESP to auto-870C2E46-A1A6-5F77-3CE9-B625D4F2C5AD
1730300768: Received PINGREQ from auto-6ECB5136-EB24-557E-D518-EFB1AC4E8529
1730300768: Sending PINGRESP to auto-6ECB5136-EB24-557E-D518-EFB1AC4E8529
1730300768: Received PINGREQ from auto-72019544-6F44-00E6-5278-369977007A64
1730300768: Sending PINGRESP to auto-72019544-6F44-00E6-5278-369977007A64
1730300769: Received PINGREQ from auto-6B0D9113-1DF1-CCA5-2B42-3A5C20DBBB48
1730300769: Sending PINGRESP to auto-6B0D9113-1DF1-CCA5-2B42-3A5C20DBBB48
1730300769: Received PINGREQ from auto-870C2E46-A1A6-5F77-3CE9-B625D4F2C5AD
1730300769: Sending PINGRESP to auto-870C2E46-A1A6-5F77-3CE9-B625D4F2C5AD
1730300828: Received PINGREQ from auto-6B0D9113-1DF1-CCA5-2B42-3A5C20DBBB48
1730300828: Sending PINGRESP to auto-6B0D9113-1DF1-CCA5-2B42-3A5C20DBBB48
1730300828: Received PINGREQ from auto-870C2E46-A1A6-5F77-3CE9-B625D4F2C5AD
1730300828: Sending PINGRESP to auto-870C2E46-A1A6-5F77-3CE9-B625D4F2C5AD
1730300829: Received PINGREQ from auto-6ECB5136-EB24-557E-D518-EFB1AC4E8529
1730300829: Sending PINGRESP to auto-6ECB5136-EB24-557E-D518-EFB1AC4E8529
1730300829: Received PINGREQ from auto-72019544-6F44-00E6-5278-369977007A64
1730300829: Sending PINGRESP to auto-72019544-6F44-00E6-5278-369977007A64
1730300888: Received PINGREQ from auto-6ECB5136-EB24-557E-D518-EFB1AC4E8529
1730300888: Sending PINGRESP to auto-6ECB5136-EB24-557E-D518-EFB1AC4E8529
1730300888: Received PINGREQ from auto-72019544-6F44-00E6-5278-369977007A64
1730300888: Sending PINGRESP to auto-72019544-6F44-00E6-5278-369977007A64
1730300888: Received PINGREQ from auto-6B0D9113-1DF1-CCA5-2B42-3A5C20DBBB48
1730300888: Sending PINGRESP to auto-6B0D9113-1DF1-CCA5-2B42-3A5C20DBBB48
1730300888: Received PINGREQ from auto-870C2E46-A1A6-5F77-3CE9-B625D4F2C5AD
1730300888: Sending PINGRESP to auto-870C2E46-A1A6-5F77-3CE9-B625D4F2C5AD
1730300948: Received PINGREQ from auto-6ECB5136-EB24-557E-D518-EFB1AC4E8529
1730300948: Sending PINGRESP to auto-6ECB5136-EB24-557E-D518-EFB1AC4E8529
1730300948: Received PINGREQ from auto-72019544-6F44-00E6-5278-369977007A64
1730300948: Sending PINGRESP to auto-72019544-6F44-00E6-5278-369977007A64
1730300949: Received PINGREQ from auto-6B0D9113-1DF1-CCA5-2B42-3A5C20DBBB48
1730300949: Sending PINGRESP to auto-6B0D9113-1DF1-CCA5-2B42-3A5C20DBBB48
1730300949: Received PINGREQ from auto-870C2E46-A1A6-5F77-3CE9-B625D4F2C5AD
1730300949: Sending PINGRESP to auto-870C2E46-A1A6-5F77-3CE9-B625D4F2C5AD
1730301008: Received PINGREQ from auto-6B0D9113-1DF1-CCA5-2B42-3A5C20DBBB48
1730301008: Sending PINGRESP to auto-6B0D9113-1DF1-CCA5-2B42-3A5C20DBBB48
1730301008: Received PINGREQ from auto-870C2E46-A1A6-5F77-3CE9-B625D4F2C5AD
1730301008: Sending PINGRESP to auto-870C2E46-A1A6-5F77-3CE9-B625D4F2C5AD
1730301008: Received PINGREQ from auto-6ECB5136-EB24-557E-D518-EFB1AC4E8529
1730301008: Sending PINGRESP to auto-6ECB5136-EB24-557E-D518-EFB1AC4E8529
1730301009: Received PINGREQ from auto-72019544-6F44-00E6-5278-369977007A64
1730301009: Sending PINGRESP to auto-72019544-6F44-00E6-5278-369977007A64
1730301068: Received PINGREQ from auto-72019544-6F44-00E6-5278-369977007A64
1730301068: Sending PINGRESP to auto-72019544-6F44-00E6-5278-369977007A64
1730301068: Received PINGREQ from auto-870C2E46-A1A6-5F77-3CE9-B625D4F2C5AD
1730301068: Sending PINGRESP to auto-870C2E46-A1A6-5F77-3CE9-B625D4F2C5AD
1730301068: Received PINGREQ from auto-6B0D9113-1DF1-CCA5-2B42-3A5C20DBBB48
1730301068: Sending PINGRESP to auto-6B0D9113-1DF1-CCA5-2B42-3A5C20DBBB48
1730301069: Received PINGREQ from auto-6ECB5136-EB24-557E-D518-EFB1AC4E8529
1730301069: Sending PINGRESP to auto-6ECB5136-EB24-557E-D518-EFB1AC4E8529
1730301126: New connection from 192.168.65.1:33816 on port 1883.
1730301126: New client connected from 192.168.65.1:33816 as ESP32_a14570 (p2, c1, k30).
1730301126: Will message specified (18 bytes) (r0, q0).
1730301126: 	lwt
1730301126: Sending CONNACK to ESP32_a14570 (0, 0)
1730301126: Received SUBSCRIBE from ESP32_a14570
1730301126: 	sensordata (QoS 0)
1730301126: ESP32_a14570 0 sensordata
1730301126: Sending SUBACK to ESP32_a14570
1730301126: Received SUBSCRIBE from ESP32_a14570
1730301126: 	bar/# (QoS 0)
1730301126: ESP32_a14570 0 bar/#
1730301126: Sending SUBACK to ESP32_a14570
1730301127: Received PUBLISH from ESP32_a14570 (d0, q0, r0, m0, 'tem', ... (5 bytes))
1730301127: Sending PUBLISH to auto-6ECB5136-EB24-557E-D518-EFB1AC4E8529 (d0, q0, r0, m0, 'tem', ... (5 bytes))
1730301127: Received PUBLISH from ESP32_a14570 (d0, q0, r0, m0, 'hum', ... (5 bytes))
1730301127: Sending PUBLISH to auto-870C2E46-A1A6-5F77-3CE9-B625D4F2C5AD (d0, q0, r0, m0, 'hum', ... (5 bytes))
1730301127: Received PUBLISH from ESP32_a14570 (d0, q0, r0, m0, 'lux', ... (5 bytes))
1730301127: Sending PUBLISH to auto-6B0D9113-1DF1-CCA5-2B42-3A5C20DBBB48 (d0, q0, r0, m0, 'lux', ... (5 bytes))
1730301128: Received PINGREQ from auto-6ECB5136-EB24-557E-D518-EFB1AC4E8529
1730301128: Sending PINGRESP to auto-6ECB5136-EB24-557E-D518-EFB1AC4E8529
1730301128: Received PINGREQ from auto-870C2E46-A1A6-5F77-3CE9-B625D4F2C5AD
1730301128: Sending PINGRESP to auto-870C2E46-A1A6-5F77-3CE9-B625D4F2C5AD
1730301128: Received PINGREQ from auto-6B0D9113-1DF1-CCA5-2B42-3A5C20DBBB48
1730301128: Sending PINGRESP to auto-6B0D9113-1DF1-CCA5-2B42-3A5C20DBBB48
1730301128: Received PINGREQ from auto-72019544-6F44-00E6-5278-369977007A64
1730301128: Sending PINGRESP to auto-72019544-6F44-00E6-5278-369977007A64
1730301141: Received PINGREQ from ESP32_a14570
1730301141: Sending PINGRESP to ESP32_a14570
1730301157: Received PINGREQ from ESP32_a14570
1730301157: Sending PINGRESP to ESP32_a14570
1730301172: Received PINGREQ from ESP32_a14570
1730301172: Sending PINGRESP to ESP32_a14570
1730301187: Received PINGREQ from ESP32_a14570
1730301187: Sending PINGRESP to ESP32_a14570
1730301188: Received PUBLISH from ESP32_a14570 (d0, q0, r0, m0, 'tem', ... (5 bytes))
1730301188: Sending PUBLISH to auto-6ECB5136-EB24-557E-D518-EFB1AC4E8529 (d0, q0, r0, m0, 'tem', ... (5 bytes))
1730301188: Received PINGREQ from auto-6ECB5136-EB24-557E-D518-EFB1AC4E8529
1730301188: Sending PINGRESP to auto-6ECB5136-EB24-557E-D518-EFB1AC4E8529
1730301188: Received PUBLISH from ESP32_a14570 (d0, q0, r0, m0, 'hum', ... (5 bytes))
1730301188: Sending PUBLISH to auto-870C2E46-A1A6-5F77-3CE9-B625D4F2C5AD (d0, q0, r0, m0, 'hum', ... (5 bytes))
1730301188: Received PUBLISH from ESP32_a14570 (d0, q0, r0, m0, 'lux', ... (5 bytes))
1730301188: Sending PUBLISH to auto-6B0D9113-1DF1-CCA5-2B42-3A5C20DBBB48 (d0, q0, r0, m0, 'lux', ... (5 bytes))
1730301188: Received PINGREQ from auto-870C2E46-A1A6-5F77-3CE9-B625D4F2C5AD
1730301188: Sending PINGRESP to auto-870C2E46-A1A6-5F77-3CE9-B625D4F2C5AD
1730301188: Received PINGREQ from auto-6B0D9113-1DF1-CCA5-2B42-3A5C20DBBB48
1730301188: Sending PINGRESP to auto-6B0D9113-1DF1-CCA5-2B42-3A5C20DBBB48
1730301189: Received PINGREQ from auto-72019544-6F44-00E6-5278-369977007A64
1730301189: Sending PINGRESP to auto-72019544-6F44-00E6-5278-369977007A64
1730301202: Received PINGREQ from ESP32_a14570
1730301202: Sending PINGRESP to ESP32_a14570
1730301217: Received PINGREQ from ESP32_a14570
1730301217: Sending PINGRESP to ESP32_a14570
1730301232: Received PINGREQ from ESP32_a14570
1730301232: Sending PINGRESP to ESP32_a14570
1730301247: Received PINGREQ from ESP32_a14570
1730301247: Sending PINGRESP to ESP32_a14570
1730301248: Received PINGREQ from auto-72019544-6F44-00E6-5278-369977007A64
1730301248: Sending PINGRESP to auto-72019544-6F44-00E6-5278-369977007A64
1730301248: Received PINGREQ from auto-6ECB5136-EB24-557E-D518-EFB1AC4E8529
1730301248: Sending PINGRESP to auto-6ECB5136-EB24-557E-D518-EFB1AC4E8529
1730301248: Received PINGREQ from auto-870C2E46-A1A6-5F77-3CE9-B625D4F2C5AD
1730301248: Sending PINGRESP to auto-870C2E46-A1A6-5F77-3CE9-B625D4F2C5AD
1730301248: Received PINGREQ from auto-6B0D9113-1DF1-CCA5-2B42-3A5C20DBBB48
1730301248: Sending PINGRESP to auto-6B0D9113-1DF1-CCA5-2B42-3A5C20DBBB48
1730301249: Received PUBLISH from ESP32_a14570 (d0, q0, r0, m0, 'tem', ... (5 bytes))
1730301249: Sending PUBLISH to auto-6ECB5136-EB24-557E-D518-EFB1AC4E8529 (d0, q0, r0, m0, 'tem', ... (5 bytes))
1730301249: Received PUBLISH from ESP32_a14570 (d0, q0, r0, m0, 'hum', ... (5 bytes))
1730301249: Sending PUBLISH to auto-870C2E46-A1A6-5F77-3CE9-B625D4F2C5AD (d0, q0, r0, m0, 'hum', ... (5 bytes))
1730301249: Received PUBLISH from ESP32_a14570 (d0, q0, r0, m0, 'lux', ... (5 bytes))
1730301249: Sending PUBLISH to auto-6B0D9113-1DF1-CCA5-2B42-3A5C20DBBB48 (d0, q0, r0, m0, 'lux', ... (5 bytes))
1730301262: Received PINGREQ from ESP32_a14570
1730301262: Sending PINGRESP to ESP32_a14570
1730301277: Received PINGREQ from ESP32_a14570
1730301277: Sending PINGRESP to ESP32_a14570
1730301308: Received PINGREQ from auto-6ECB5136-EB24-557E-D518-EFB1AC4E8529
1730301308: Sending PINGRESP to auto-6ECB5136-EB24-557E-D518-EFB1AC4E8529
1730301308: Received PINGREQ from auto-6B0D9113-1DF1-CCA5-2B42-3A5C20DBBB48
1730301308: Sending PINGRESP to auto-6B0D9113-1DF1-CCA5-2B42-3A5C20DBBB48
1730301308: Received PINGREQ from auto-870C2E46-A1A6-5F77-3CE9-B625D4F2C5AD
1730301308: Sending PINGRESP to auto-870C2E46-A1A6-5F77-3CE9-B625D4F2C5AD
1730301308: Received PINGREQ from auto-72019544-6F44-00E6-5278-369977007A64
1730301308: Sending PINGRESP to auto-72019544-6F44-00E6-5278-369977007A64
1730301327: Client ESP32_a14570 has exceeded timeout, disconnecting.
1730301368: Received PINGREQ from auto-870C2E46-A1A6-5F77-3CE9-B625D4F2C5AD
1730301368: Sending PINGRESP to auto-870C2E46-A1A6-5F77-3CE9-B625D4F2C5AD
1730301368: Received PINGREQ from auto-6ECB5136-EB24-557E-D518-EFB1AC4E8529
1730301368: Sending PINGRESP to auto-6ECB5136-EB24-557E-D518-EFB1AC4E8529
1730301368: Received PINGREQ from auto-6B0D9113-1DF1-CCA5-2B42-3A5C20DBBB48
1730301368: Sending PINGRESP to auto-6B0D9113-1DF1-CCA5-2B42-3A5C20DBBB48
1730301368: Received PINGREQ from auto-72019544-6F44-00E6-5278-369977007A64
1730301368: Sending PINGRESP to auto-72019544-6F44-00E6-5278-369977007A64
